2019-12-13 12:02:18,506 [INFO] Activator:176 - 


2019-12-13 12:02:18,514 [INFO] Activator:177 - !SESSION log4j initialized
2019-12-13 12:02:32,191 [INFO] ApplicationProperties:181 - Using Application install path: C:\ST\STM32CubeIDE_1.0.2\STM32CubeIDE\plugins\com.st.stm32cube.common.mx_5.3.0.201907110903
2019-12-13 12:02:32,203 [INFO] DbMcusXml:68 - Set database path to: C:\ST\STM32CubeIDE_1.0.2\STM32CubeIDE\plugins\com.st.stm32cube.common.mx_5.3.0.201907110903\\db\/mcu/
2019-12-13 12:02:32,211 [INFO] DbBoardsPdsc:54 - Set plugin database path to: C:\ST\STM32CubeIDE_1.0.2\STM32CubeIDE\plugins\com.st.stm32cube.common.mx_5.3.0.201907110903\\db\/plugins/boardmanager/
2019-12-13 12:02:32,214 [INFO] DbMcus:264 - Set plugin images path to: C:\ST\STM32CubeIDE_1.0.2\STM32CubeIDE\plugins\com.st.stm32cube.common.mx_5.3.0.201907110903\\db\/plugins/mcufinder/images/
2019-12-13 12:02:32,214 [INFO] DbBoards:232 - Set plugin images path to: C:\ST\STM32CubeIDE_1.0.2\STM32CubeIDE\plugins\com.st.stm32cube.common.mx_5.3.0.201907110903\\db\/plugins/mcufinder/images/
2019-12-13 12:02:32,218 [INFO] APIGFXSelector:72 - Set database path to: C:\ST\STM32CubeIDE_1.0.2\STM32CubeIDE\plugins\com.st.stm32cube.common.mx_5.3.0.201907110903\\db\/plugins/mcufinder/mcu/
2019-12-13 12:02:32,222 [INFO] DbMcusAds:72 - Set database path to: C:\Users\60310203\.stmcufinder\plugins\mcufinder//mcu/
2019-12-13 12:02:32,222 [INFO] DbMcusDocs:92 - Set database path to: C:\Users\60310203\.stmcufinder\plugins\mcufinder//mcu/
2019-12-13 12:02:32,228 [INFO] DbMcusJson:59 - Set database path to: C:\Users\60310203\.stmcufinder\plugins\mcufinder//mcu/
2019-12-13 12:02:32,228 [INFO] DbBoardsDocs:84 - Set database path to: C:\Users\60310203\.stmcufinder\plugins\mcufinder//mcu/
2019-12-13 12:02:32,230 [INFO] DbBoardsJson:51 - Set database path to: C:\Users\60310203\.stmcufinder\plugins\mcufinder//mcu/
2019-12-13 12:02:32,502 [INFO] CrossReferenceDbSqlite:197 - Set database path to: C:\Users\60310203\.stmcufinder\plugins\mcufinder//mcu/cs/
2019-12-13 12:02:32,750 [INFO] RulesReader:52 - Compatibility file has been processed (156 Rules)
2019-12-13 12:02:33,931 [INFO] MicroXplorer:521 - Detected Java Version = 1.8.0_202
2019-12-13 12:02:33,933 [INFO] DbMcusXml:68 - Set database path to: C:\ST\STM32CubeIDE_1.0.2\STM32CubeIDE\plugins\com.st.stm32cube.common.mx_5.3.0.201907110903\\db\/mcu/
2019-12-13 12:02:33,933 [INFO] DbBoardsPdsc:54 - Set plugin database path to: C:\ST\STM32CubeIDE_1.0.2\STM32CubeIDE\plugins\com.st.stm32cube.common.mx_5.3.0.201907110903\\db\/plugins/boardmanager/
2019-12-13 12:02:33,937 [INFO] DbMcus:264 - Set plugin images path to: C:\ST\STM32CubeIDE_1.0.2\STM32CubeIDE\plugins\com.st.stm32cube.common.mx_5.3.0.201907110903\\db\/plugins/mcufinder/images/
2019-12-13 12:02:33,938 [INFO] DbBoards:232 - Set plugin images path to: C:\ST\STM32CubeIDE_1.0.2\STM32CubeIDE\plugins\com.st.stm32cube.common.mx_5.3.0.201907110903\\db\/plugins/mcufinder/images/
2019-12-13 12:02:33,938 [INFO] APIGFXSelector:72 - Set database path to: C:\ST\STM32CubeIDE_1.0.2\STM32CubeIDE\plugins\com.st.stm32cube.common.mx_5.3.0.201907110903\\db\/plugins/mcufinder/mcu/
2019-12-13 12:02:33,940 [WARN] DbFile:31 - Overriding database path with different value: C:\Users\60310203\.stmcufinder\plugins\mcufinder/ => C:\Users\60310203\.stmcufinder\plugins\mcufinder
2019-12-13 12:02:33,941 [INFO] DbMcusAds:72 - Set database path to: C:\Users\60310203\.stmcufinder\plugins\mcufinder//mcu/
2019-12-13 12:02:33,942 [WARN] DbFile:31 - Overriding database path with different value: C:\Users\60310203\.stmcufinder\plugins\mcufinder/ => C:\Users\60310203\.stmcufinder\plugins\mcufinder
2019-12-13 12:02:33,942 [INFO] DbMcusDocs:92 - Set database path to: C:\Users\60310203\.stmcufinder\plugins\mcufinder//mcu/
2019-12-13 12:02:33,942 [WARN] DbFile:31 - Overriding database path with different value: C:\Users\60310203\.stmcufinder\plugins\mcufinder/ => C:\Users\60310203\.stmcufinder\plugins\mcufinder
2019-12-13 12:02:33,942 [INFO] DbMcusJson:59 - Set database path to: C:\Users\60310203\.stmcufinder\plugins\mcufinder//mcu/
2019-12-13 12:02:33,946 [WARN] DbFile:31 - Overriding database path with different value: C:\Users\60310203\.stmcufinder\plugins\mcufinder/ => C:\Users\60310203\.stmcufinder\plugins\mcufinder
2019-12-13 12:02:33,947 [INFO] DbBoardsDocs:84 - Set database path to: C:\Users\60310203\.stmcufinder\plugins\mcufinder//mcu/
2019-12-13 12:02:33,947 [WARN] DbFile:31 - Overriding database path with different value: C:\Users\60310203\.stmcufinder\plugins\mcufinder/ => C:\Users\60310203\.stmcufinder\plugins\mcufinder
2019-12-13 12:02:33,948 [INFO] DbBoardsJson:51 - Set database path to: C:\Users\60310203\.stmcufinder\plugins\mcufinder//mcu/
2019-12-13 12:02:33,948 [WARN] DbFile:31 - Overriding database path with different value: C:\Users\60310203\.stmcufinder\plugins\mcufinder/ => C:\Users\60310203\.stmcufinder\plugins\mcufinder
2019-12-13 12:02:33,949 [WARN] DbFile:31 - Overriding database path with different value: C:\Users\60310203\.stmcufinder\plugins\mcufinder/ => C:\Users\60310203\.stmcufinder\plugins\mcufinder
2019-12-13 12:02:33,950 [INFO] CrossReferenceDbSqlite:197 - Set database path to: C:\Users\60310203\.stmcufinder\plugins\mcufinder//mcu/cs/
2019-12-13 12:02:34,203 [INFO] MainPanel:211 - HeapMemory: 268435456
2019-12-13 12:02:34,393 [INFO] DbMcusXml:68 - Set database path to: C:\ST\STM32CubeIDE_1.0.2\STM32CubeIDE\plugins\com.st.stm32cube.common.mx_5.3.0.201907110903\\db\/mcu/
2019-12-13 12:02:34,393 [INFO] DbBoardsPdsc:54 - Set plugin database path to: C:\ST\STM32CubeIDE_1.0.2\STM32CubeIDE\plugins\com.st.stm32cube.common.mx_5.3.0.201907110903\\db\/plugins/boardmanager/
2019-12-13 12:02:34,394 [INFO] DbMcus:264 - Set plugin images path to: C:\ST\STM32CubeIDE_1.0.2\STM32CubeIDE\plugins\com.st.stm32cube.common.mx_5.3.0.201907110903\\db\/plugins/mcufinder/images/
2019-12-13 12:02:34,394 [INFO] DbBoards:232 - Set plugin images path to: C:\ST\STM32CubeIDE_1.0.2\STM32CubeIDE\plugins\com.st.stm32cube.common.mx_5.3.0.201907110903\\db\/plugins/mcufinder/images/
2019-12-13 12:02:34,394 [INFO] APIGFXSelector:72 - Set database path to: C:\ST\STM32CubeIDE_1.0.2\STM32CubeIDE\plugins\com.st.stm32cube.common.mx_5.3.0.201907110903\\db\/plugins/mcufinder/mcu/
2019-12-13 12:02:34,398 [WARN] DbFile:31 - Overriding database path with different value: C:\Users\60310203\.stmcufinder\plugins\mcufinder/ => C:\Users\60310203\.stmcufinder\plugins\mcufinder
2019-12-13 12:02:34,398 [INFO] DbMcusAds:72 - Set database path to: C:\Users\60310203\.stmcufinder\plugins\mcufinder//mcu/
2019-12-13 12:02:34,398 [WARN] DbFile:31 - Overriding database path with different value: C:\Users\60310203\.stmcufinder\plugins\mcufinder/ => C:\Users\60310203\.stmcufinder\plugins\mcufinder
2019-12-13 12:02:34,402 [INFO] DbMcusDocs:92 - Set database path to: C:\Users\60310203\.stmcufinder\plugins\mcufinder//mcu/
2019-12-13 12:02:34,402 [WARN] DbFile:31 - Overriding database path with different value: C:\Users\60310203\.stmcufinder\plugins\mcufinder/ => C:\Users\60310203\.stmcufinder\plugins\mcufinder
2019-12-13 12:02:34,403 [INFO] DbMcusJson:59 - Set database path to: C:\Users\60310203\.stmcufinder\plugins\mcufinder//mcu/
2019-12-13 12:02:34,403 [WARN] DbFile:31 - Overriding database path with different value: C:\Users\60310203\.stmcufinder\plugins\mcufinder/ => C:\Users\60310203\.stmcufinder\plugins\mcufinder
2019-12-13 12:02:34,403 [INFO] DbBoardsDocs:84 - Set database path to: C:\Users\60310203\.stmcufinder\plugins\mcufinder//mcu/
2019-12-13 12:02:34,403 [WARN] DbFile:31 - Overriding database path with different value: C:\Users\60310203\.stmcufinder\plugins\mcufinder/ => C:\Users\60310203\.stmcufinder\plugins\mcufinder
2019-12-13 12:02:34,404 [INFO] DbBoardsJson:51 - Set database path to: C:\Users\60310203\.stmcufinder\plugins\mcufinder//mcu/
2019-12-13 12:02:34,404 [WARN] DbFile:31 - Overriding database path with different value: C:\Users\60310203\.stmcufinder\plugins\mcufinder/ => C:\Users\60310203\.stmcufinder\plugins\mcufinder
2019-12-13 12:02:34,405 [WARN] DbFile:31 - Overriding database path with different value: C:\Users\60310203\.stmcufinder\plugins\mcufinder/ => C:\Users\60310203\.stmcufinder\plugins\mcufinder
2019-12-13 12:02:34,405 [INFO] CrossReferenceDbSqlite:197 - Set database path to: C:\Users\60310203\.stmcufinder\plugins\mcufinder//mcu/cs/
2019-12-13 12:02:34,468 [INFO] ApplicationProperties:181 - Using Application install path: C:\ST\STM32CubeIDE_1.0.2\STM32CubeIDE\plugins\com.st.stm32cube.common.mx_5.3.0.201907110903
2019-12-13 12:02:34,471 [INFO] PluginManage:178 - Search for loadable plugins [exclusion list=]
2019-12-13 12:02:34,475 [INFO] PluginManage:292 - Check plugin analytics
2019-12-13 12:02:34,496 [INFO] PluginManage:342 - Loaded plugin analytics (category:tool,tabindex:-1)
2019-12-13 12:02:34,496 [INFO] PluginManage:292 - Check plugin clock
2019-12-13 12:02:34,528 [INFO] PluginManage:342 - Loaded plugin clock (category:base,tabindex:2)
2019-12-13 12:02:34,529 [INFO] PluginManage:292 - Check plugin ddr
2019-12-13 12:02:34,533 [INFO] PluginManage:342 - Loaded plugin ddr (category:tool,tabindex:6)
2019-12-13 12:02:34,537 [INFO] PluginManage:292 - Check plugin filemanager
2019-12-13 12:02:34,711 [INFO] PluginManage:342 - Loaded plugin filemanager (category:base,tabindex:10)
2019-12-13 12:02:34,711 [INFO] PluginManage:292 - Check plugin ipmanager
2019-12-13 12:02:34,719 [INFO] PluginManage:342 - Loaded plugin ipmanager (category:base,tabindex:5)
2019-12-13 12:02:34,719 [INFO] PluginManage:292 - Check plugin pinoutandconfiguration
2019-12-13 12:02:34,727 [INFO] PluginManage:342 - Loaded plugin pinoutandconfiguration (category:base,tabindex:1)
2019-12-13 12:02:34,727 [INFO] PluginManage:292 - Check plugin pinoutconfig
2019-12-13 12:02:34,748 [INFO] PluginManage:342 - Loaded plugin pinoutconfig (category:base,tabindex:0)
2019-12-13 12:02:34,748 [INFO] PluginManage:292 - Check plugin power
2019-12-13 12:02:34,756 [INFO] PluginManage:342 - Loaded plugin power (category:power,tabindex:4)
2019-12-13 12:02:34,756 [INFO] PluginManage:292 - Check plugin projectmanager
2019-12-13 12:02:34,771 [INFO] PluginManage:342 - Loaded plugin projectmanager (category:projectmanager,tabindex:3)
2019-12-13 12:02:34,771 [INFO] PluginManage:292 - Check plugin thirdparty
2019-12-13 12:02:34,812 [INFO] ThirdPartyDb:294 - Open Third Party DataBase File (C:/Users/60310203/.stm32cubemx/plugins/thirdparty/db/thirdparties_db.xml) : 25 ms. number of Sw pack : 8
2019-12-13 12:02:34,838 [INFO] PluginManage:342 - Loaded plugin thirdparty (category:base,tabindex:-1)
2019-12-13 12:02:34,838 [INFO] PluginManage:292 - Check plugin tools
2019-12-13 12:02:34,842 [INFO] PluginManage:342 - Loaded plugin tools (category:base,tabindex:7)
2019-12-13 12:02:34,842 [INFO] PluginManage:292 - Check plugin updater
2019-12-13 12:02:34,857 [INFO] PluginManage:342 - Loaded plugin updater (category:base,tabindex:12)
2019-12-13 12:02:34,857 [INFO] PluginManage:265 - PluginManage : Loaded plugins [12]
2019-12-13 12:02:35,071 [INFO] PinOutPanel:1367 - setPackage(No Configuration,No Configuration)
2019-12-13 12:02:35,158 [INFO] IPUIPlugin:63 - create IPUIPlugin
2019-12-13 12:02:35,158 [INFO] PluginManager:200 - loadIPPluginJar : add adc
2019-12-13 12:02:35,163 [INFO] IPUIPlugin:63 - create IPUIPlugin
2019-12-13 12:02:35,163 [INFO] PluginManager:200 - loadIPPluginJar : add aes
2019-12-13 12:02:35,167 [INFO] IPUIPlugin:63 - create IPUIPlugin
2019-12-13 12:02:35,168 [INFO] PluginManager:200 - loadIPPluginJar : add can
2019-12-13 12:02:35,170 [INFO] IPUIPlugin:63 - create IPUIPlugin
2019-12-13 12:02:35,170 [INFO] PluginManager:200 - loadIPPluginJar : add comp
2019-12-13 12:02:35,173 [INFO] IPUIPlugin:63 - create IPUIPlugin
2019-12-13 12:02:35,173 [INFO] PluginManager:200 - loadIPPluginJar : add cryp
2019-12-13 12:02:35,177 [INFO] IPUIPlugin:63 - create IPUIPlugin
2019-12-13 12:02:35,177 [INFO] PluginManager:200 - loadIPPluginJar : add dfsdm
2019-12-13 12:02:35,184 [INFO] IPUIPlugin:63 - create IPUIPlugin
2019-12-13 12:02:35,185 [INFO] PluginManager:200 - loadIPPluginJar : add dma
2019-12-13 12:02:35,187 [INFO] IPUIPlugin:63 - create IPUIPlugin
2019-12-13 12:02:35,187 [INFO] PluginManager:200 - loadIPPluginJar : add fatfs
2019-12-13 12:02:35,193 [INFO] IPUIPlugin:63 - create IPUIPlugin
2019-12-13 12:02:35,193 [INFO] PluginManager:200 - loadIPPluginJar : add fmc
2019-12-13 12:02:35,200 [INFO] IPUIPlugin:63 - create IPUIPlugin
2019-12-13 12:02:35,202 [INFO] PluginManager:200 - loadIPPluginJar : add freertos
2019-12-13 12:02:35,204 [INFO] IPUIPlugin:63 - create IPUIPlugin
2019-12-13 12:02:35,204 [INFO] PluginManager:200 - loadIPPluginJar : add genericplugin
2019-12-13 12:02:35,207 [INFO] IPUIPlugin:63 - create IPUIPlugin
2019-12-13 12:02:35,207 [INFO] PluginManager:200 - loadIPPluginJar : add gfxmmu
2019-12-13 12:02:35,209 [INFO] IPUIPlugin:63 - create IPUIPlugin
2019-12-13 12:02:35,209 [INFO] PluginManager:200 - loadIPPluginJar : add gfxsimulator
2019-12-13 12:02:35,217 [INFO] IPUIPlugin:63 - create IPUIPlugin
2019-12-13 12:02:35,218 [INFO] PluginManager:200 - loadIPPluginJar : add gic
2019-12-13 12:02:35,221 [INFO] IPUIPlugin:63 - create IPUIPlugin
2019-12-13 12:02:35,221 [INFO] PluginManager:200 - loadIPPluginJar : add gpio
2019-12-13 12:02:35,226 [INFO] IPUIPlugin:63 - create IPUIPlugin
2019-12-13 12:02:35,226 [INFO] PluginManager:200 - loadIPPluginJar : add hash
2019-12-13 12:02:35,228 [INFO] IPUIPlugin:63 - create IPUIPlugin
2019-12-13 12:02:35,228 [INFO] PluginManager:200 - loadIPPluginJar : add i2c
2019-12-13 12:02:35,233 [INFO] IPUIPlugin:63 - create IPUIPlugin
2019-12-13 12:02:35,233 [INFO] PluginManager:200 - loadIPPluginJar : add i2s
2019-12-13 12:02:35,236 [INFO] IPUIPlugin:63 - create IPUIPlugin
2019-12-13 12:02:35,238 [INFO] PluginManager:200 - loadIPPluginJar : add ipddr
2019-12-13 12:02:35,239 [INFO] IPUIPlugin:63 - create IPUIPlugin
2019-12-13 12:02:35,240 [INFO] PluginManager:200 - loadIPPluginJar : add ltdc
2019-12-13 12:02:35,241 [INFO] IPUIPlugin:63 - create IPUIPlugin
2019-12-13 12:02:35,241 [INFO] PluginManager:200 - loadIPPluginJar : add mdma
2019-12-13 12:02:35,248 [INFO] IPUIPlugin:63 - create IPUIPlugin
2019-12-13 12:02:35,248 [INFO] PluginManager:200 - loadIPPluginJar : add nvic
2019-12-13 12:02:35,251 [INFO] IPUIPlugin:63 - create IPUIPlugin
2019-12-13 12:02:35,252 [INFO] PluginManager:200 - loadIPPluginJar : add opamp
2019-12-13 12:02:35,254 [INFO] IPUIPlugin:63 - create IPUIPlugin
2019-12-13 12:02:35,254 [INFO] PluginManager:200 - loadIPPluginJar : add pdm2pcm
2019-12-13 12:02:35,257 [INFO] IPUIPlugin:63 - create IPUIPlugin
2019-12-13 12:02:35,263 [INFO] PluginManager:200 - loadIPPluginJar : add plateformsettings
2019-12-13 12:02:35,264 [INFO] IPUIPlugin:63 - create IPUIPlugin
2019-12-13 12:02:35,264 [INFO] PluginManager:200 - loadIPPluginJar : add quadspi
2019-12-13 12:02:35,267 [INFO] IPUIPlugin:63 - create IPUIPlugin
2019-12-13 12:02:35,267 [INFO] PluginManager:200 - loadIPPluginJar : add resmgrutility
2019-12-13 12:02:35,269 [INFO] IPUIPlugin:63 - create IPUIPlugin
2019-12-13 12:02:35,269 [INFO] PluginManager:200 - loadIPPluginJar : add sai
2019-12-13 12:02:35,269 [INFO] IPUIPlugin:63 - create IPUIPlugin
2019-12-13 12:02:35,269 [INFO] PluginManager:200 - loadIPPluginJar : add spi
2019-12-13 12:02:35,273 [INFO] IPUIPlugin:63 - create IPUIPlugin
2019-12-13 12:02:35,275 [INFO] PluginManager:200 - loadIPPluginJar : add stm32_wpan
2019-12-13 12:02:35,276 [INFO] IPUIPlugin:63 - create IPUIPlugin
2019-12-13 12:02:35,276 [INFO] PluginManager:200 - loadIPPluginJar : add tim
2019-12-13 12:02:35,278 [INFO] IPUIPlugin:63 - create IPUIPlugin
2019-12-13 12:02:35,278 [INFO] PluginManager:200 - loadIPPluginJar : add touchsensing
2019-12-13 12:02:35,278 [INFO] IPUIPlugin:63 - create IPUIPlugin
2019-12-13 12:02:35,282 [INFO] PluginManager:200 - loadIPPluginJar : add tracer_emb
2019-12-13 12:02:35,284 [INFO] IPUIPlugin:63 - create IPUIPlugin
2019-12-13 12:02:35,285 [INFO] PluginManager:200 - loadIPPluginJar : add ts
2019-12-13 12:02:35,285 [INFO] IPUIPlugin:63 - create IPUIPlugin
2019-12-13 12:02:35,285 [INFO] PluginManager:200 - loadIPPluginJar : add tsc
2019-12-13 12:02:35,288 [INFO] IPUIPlugin:63 - create IPUIPlugin
2019-12-13 12:02:35,289 [INFO] PluginManager:200 - loadIPPluginJar : add ucpd
2019-12-13 12:02:35,291 [INFO] IPUIPlugin:63 - create IPUIPlugin
2019-12-13 12:02:35,292 [INFO] PluginManager:200 - loadIPPluginJar : add usart
2019-12-13 12:02:35,734 [INFO] BoardConnectionPanel:217 - [DDR PANEL] osNameString: Windows
2019-12-13 12:02:36,181 [FATAL] Updater:277 - Updater called before beeing initialized
2019-12-13 12:02:36,585 [FATAL] Updater:277 - Updater called before beeing initialized
2019-12-13 12:02:36,619 [INFO] PinOutPanel:1367 - setPackage(No Configuration,No Configuration)
2019-12-13 12:02:36,620 [FATAL] Updater:277 - Updater called before beeing initialized
2019-12-13 12:02:36,631 [INFO] MainDdrPanel:82 - [DDR PANEL] SETTER - Set cubeProgrammerPath to: C:\ST\STM32CubeIDE_1.0.2\STM32CubeIDE\plugins\com.st.stm32cube.ide.mcu.externaltools.cubeprogrammer.win32_1.0.0.201904021149\tools\bin
2019-12-13 12:02:36,641 [INFO] Updater:860 - Updater Version found : 5.3.0
2019-12-13 12:02:36,662 [INFO] ApplicationProperties:181 - Using Application install path: C:\ST\STM32CubeIDE_1.0.2\STM32CubeIDE\plugins\com.st.stm32cube.common.mx_5.3.0.201907110903
2019-12-13 12:02:36,850 [INFO] MainUpdater:2040 - connection check result : 10
2019-12-13 12:02:36,852 [INFO] MainUpdater:229 - Updater Check For Update Now.
2019-12-13 12:02:36,852 [INFO] MicroXplorer:401 - Change Database Version : DB.5.0.30
2019-12-13 12:02:36,914 [INFO] CheckServerUpdateThread:121 - End of CheckServer Thread
2019-12-13 12:02:37,060 [INFO] MainUpdater:2040 - connection check result : 10
2019-12-13 12:02:37,062 [INFO] LogOutputStream:76 - [STDOUT_REDIRECT] Successfull proxy connection.
2019-12-13 12:02:37,191 [INFO] McuFinderGlobals:40 - Set McuFinder mode to 2 (CubeIDE integrated)
2019-12-13 12:02:37,223 [INFO] FinderPluginLoader:85 - Searching for filters in installed packs
2019-12-13 12:02:37,226 [INFO] DbMcusXml:106 - Load MCU database from C:\ST\STM32CubeIDE_1.0.2\STM32CubeIDE\plugins\com.st.stm32cube.common.mx_5.3.0.201907110903\\db\/mcu/families.xml
2019-12-13 12:02:37,906 [INFO] ThirdPartyDb:264 - Close Third Party DataBase File (C:/Users/60310203/.stm32cubemx/plugins/thirdparty/db/thirdparties_db.xml)
2019-12-13 12:02:37,968 [INFO] ThirdPartyDb:294 - Open Third Party DataBase File (C:/Users/60310203/.stm32cubemx/plugins/thirdparty/db/thirdparties_db.xml) : 6 ms. number of Sw pack : 8
2019-12-13 12:02:37,968 [INFO] ThirdPartyDb:264 - Close Third Party DataBase File (C:/Users/60310203/.stm32cubemx/plugins/thirdparty/db/thirdparties_db.xml)
2019-12-13 12:02:38,011 [INFO] IntegrityCheckThread:97 - End integrity checks thread
2019-12-13 12:02:38,162 [INFO] DbMcusJson:87 - JSON generation date=Wed Dec 11 18:27:49 ICT 2019 (1576063669)
2019-12-13 12:02:39,056 [INFO] DbMcus:193 - Found 1496 MCUs (1455 are supported by CubeMX, 1455 are visible in CubeMX)
2019-12-13 12:02:39,060 [INFO] ApiDb:158 - Load user favorites file C:\Users\60310203/.stm32cubeide/favorites.mcus.txt: 0 item(s)
2019-12-13 12:02:39,060 [INFO] ApiDb:163 - User favorites MCUs=[]
2019-12-13 12:02:39,060 [INFO] DbMcus:205 - Set 0 / 0 favorites MCUs
2019-12-13 12:02:39,982 [INFO] DbMcusAds:130 - JSON generation date=Wed Feb 20 23:46:15 ICT 2019 (1550681175)
2019-12-13 12:02:39,989 [INFO] LoadUrlFilesThread:147 - End of LoadServerUrlFiles without Thread
2019-12-13 12:02:40,013 [INFO] McuDetailPanel:180 - Set advertising image to C:/Users/60310203/STM32Cube/Repository/\PRSTM32MP10219-01-med.jpg
2019-12-13 12:02:40,699 [INFO] McuFilterPanel:282 - Update 0 favorites MCUs
2019-12-13 12:02:41,178 [INFO] DbBoardsPdsc:92 - Found 18 items
2019-12-13 12:02:41,180 [INFO] DbBoardsPdsc:92 - Found 9 items
2019-12-13 12:02:41,184 [INFO] DbBoardsPdsc:92 - Found 27 items
2019-12-13 12:02:41,184 [INFO] DbBoardsPdsc:92 - Found 1 items
2019-12-13 12:02:41,193 [INFO] DbBoardsPdsc:92 - Found 37 items
2019-12-13 12:02:41,202 [INFO] DbBoardsPdsc:92 - Found 37 items
2019-12-13 12:02:41,202 [INFO] DbBoardsPdsc:92 - Found 1 items
2019-12-13 12:02:41,223 [INFO] DbBoardsJson:79 - JSON generation date=Wed Dec 11 14:35:31 ICT 2019 (1576049731)
2019-12-13 12:02:41,232 [INFO] DbBoards:120 - Found 133 boards (129 are supported by CubeMX)
2019-12-13 12:02:41,255 [INFO] DbBoardsDocs:118 - JSON generation date=Wed Dec 11 18:27:49 ICT 2019 (1576063669)
2019-12-13 12:02:41,269 [INFO] DbBoardsDocs:57 - Found 160 boards documents
2019-12-13 12:02:41,273 [WARN] DbBoards:130 - board NUCLEO-H743ZI2 has no document id list !
2019-12-13 12:02:41,273 [WARN] DbBoards:130 - board P-NUCLEO-WB55-Nucleo has no document id list !
2019-12-13 12:02:41,273 [WARN] DbBoards:130 - board P-NUCLEO-WB55-USBDongle has no document id list !
2019-12-13 12:02:41,273 [WARN] DbBoards:130 - board P-NUCLEO-WB55 has no document id list !
2019-12-13 12:02:41,273 [WARN] DbBoards:130 - board STM32F401C-DISCO has no document id list !
2019-12-13 12:02:41,273 [WARN] DbBoards:130 - board STM32F769I-DISC1 has no document id list !
2019-12-13 12:02:41,277 [WARN] DbBoards:130 - board STM32F7308-DISCO has no document id list !
2019-12-13 12:02:41,277 [WARN] DbBoards:130 - board STM32L-DISCOVERY has no document id list !
2019-12-13 12:02:41,278 [WARN] DbBoards:130 - board STM32H747I-DISC1 has no document id list !
2019-12-13 12:02:41,278 [WARN] DbBoards:130 - board STM32MP157A-DK1 has no document id list !
2019-12-13 12:02:41,278 [WARN] DbBoards:130 - board STM32100E-EVAL has no document id list !
2019-12-13 12:02:41,278 [WARN] DbBoards:130 - board STM32303C-EVAL has no document id list !
2019-12-13 12:02:41,278 [WARN] DbBoards:130 - board STM32L152D-EVAL has no document id list !
2019-12-13 12:02:41,278 [WARN] DbBoards:130 - board STM32H743I-EVAL2 has no document id list !
2019-12-13 12:02:41,278 [WARN] DbBoards:130 - board STM32H753I-EVAL2 has no document id list !
2019-12-13 12:02:41,278 [WARN] DbBoards:130 - board STM32G474E-EVAL1 has no document id list !
2019-12-13 12:02:41,282 [WARN] DbBoards:130 - board STEVAL-MKSBOX1V1 has no document id list !
2019-12-13 12:02:41,282 [WARN] DbBoards:130 - board STM32L552E-EV has no document id list !
2019-12-13 12:02:41,999 [ERROR] DbBoards:192 - Image file not found for board B-G474E-DPOW1: C:\ST\STM32CubeIDE_1.0.2\STM32CubeIDE\plugins\com.st.stm32cube.common.mx_5.3.0.201907110903\\db\/plugins/mcufinder/images/boards/B-G474E-DPOW1_small.jpg
2019-12-13 12:02:42,239 [ERROR] DbBoards:192 - Image file not found for board STM32G0316-DISCO: C:\ST\STM32CubeIDE_1.0.2\STM32CubeIDE\plugins\com.st.stm32cube.common.mx_5.3.0.201907110903\\db\/plugins/mcufinder/images/boards/stm32g0316discovery_small.jpg
2019-12-13 12:02:42,646 [ERROR] DbBoards:192 - Image file not found for board STM32L552E-EV: C:\ST\STM32CubeIDE_1.0.2\STM32CubeIDE\plugins\com.st.stm32cube.common.mx_5.3.0.201907110903\\db\/plugins/mcufinder/images/boards/stm32l552e-ev_small.jpg
2019-12-13 12:02:42,648 [INFO] ApiDb:158 - Load user favorites file C:\Users\60310203/.stm32cubeide/favorites.boards.txt: 0 item(s)
2019-12-13 12:02:42,648 [INFO] ApiDb:163 - User favorites Boards=[]
2019-12-13 12:02:42,648 [INFO] DbBoards:209 - Set 0 / 0 favorites Boards
2019-12-13 12:02:42,724 [INFO] LoadUrlFilesThread:147 - End of LoadServerUrlFiles without Thread
2019-12-13 12:02:42,725 [INFO] BoardDetailPanel:179 - Set advertising image to C:/Users/60310203/STM32Cube/Repository/\PRSTM32MP10219-01-med.jpg
2019-12-13 12:02:42,755 [INFO] BoardFilterPanel:211 - Update 0 favorites Boards
2019-12-13 12:02:42,889 [INFO] CrossSelectorPresenter:1319 - Cross Selector saved comparison directory: C:\Users\60310203\.stmcufinder\plugins\mcufinder\mcu\cs_comparisons_mx
2019-12-13 12:03:17,884 [INFO] LogOutputStream:76 - [STDOUT_REDIRECT] withoutVersionV1.24.2
2019-12-13 12:03:17,886 [INFO] LogOutputStream:76 - [STDOUT_REDIRECT] withoutVersionV1.24.1
2019-12-13 12:03:17,888 [INFO] LogOutputStream:76 - [STDOUT_REDIRECT] withoutVersionV1.24.0
2019-12-13 12:03:23,368 [INFO] LogOutputStream:76 - [STDOUT_REDIRECT] File copied successfully!!
2019-12-13 12:03:29,149 [INFO] MainUpdater:2040 - connection check result : 10
2019-12-13 12:03:29,154 [INFO] LogOutputStream:76 - [STDOUT_REDIRECT] Successfull proxy connection.
2019-12-13 12:03:29,279 [INFO] MicroXplorer:371 - Change Database Path : 
2019-12-13 12:03:29,279 [INFO] MicroXplorer:401 - Change Database Version : DB.5.0.30
2019-12-13 12:03:29,282 [INFO] PinOutPanel:1367 - setPackage(No Configuration,No Configuration)
2019-12-13 12:03:29,283 [INFO] UtilMem:74 - Begin LoadConfig() Used Memory: 239469168 Bytes (307232768)
2019-12-13 12:03:29,284 [INFO] OpenFileManager:269 - Change cursor
2019-12-13 12:03:32,331 [INFO] Rule:205 - rule SPDIFRX instance for mcu is applicable
2019-12-13 12:03:32,331 [INFO] Rule:205 - rule Rename Tracer Mode is applicable
2019-12-13 12:03:32,331 [INFO] Rule:205 - rule SPDIFRX instance value for IP SPDIFRX is applicable
2019-12-13 12:03:32,331 [INFO] Rule:205 - rule SPDIFRX instance for signal is applicable
2019-12-13 12:03:32,331 [INFO] Rule:205 - rule SPDIFRX instance for project manager is applicable
2019-12-13 12:03:32,331 [INFO] Rule:205 - rule SPDIFRX instance for project manager is applicable
2019-12-13 12:03:32,332 [INFO] Rule:205 - rule ADC Scan  fix with FW F7 is applicable
2019-12-13 12:03:32,332 [INFO] Rule:205 - rule ADC Scan  fix with FW F7 is applicable
2019-12-13 12:03:32,332 [INFO] Rule:205 - rule Add RTC Activate Clock Source is applicable
2019-12-13 12:03:32,332 [INFO] Rule:205 - rule Add RTC Activate Calendar 1 is applicable
2019-12-13 12:03:32,332 [INFO] Rule:205 - rule Add RTC Activate Calendar 2 is applicable
2019-12-13 12:03:32,332 [INFO] Rule:205 - rule Add RTC Activate Calendar 3 is applicable
2019-12-13 12:03:32,333 [INFO] Rule:205 - rule UART/USART TX Mode is applicable
2019-12-13 12:03:32,333 [INFO] Rule:205 - rule UART/USART RX Mode is applicable
2019-12-13 12:03:32,333 [INFO] Rule:205 - rule UART/USART RX TX Mode is applicable
2019-12-13 12:03:32,333 [INFO] Rule:205 - rule UART/USART PARITY NONE is applicable
2019-12-13 12:03:32,333 [INFO] Rule:205 - rule UART/USART PARITY EVEN is applicable
2019-12-13 12:03:32,333 [INFO] Rule:205 - rule UART/USART PARITY ODD is applicable
2019-12-13 12:03:32,334 [INFO] Rule:205 - rule USART StopBits 1 is applicable
2019-12-13 12:03:32,334 [INFO] Rule:205 - rule USART StopBits 2 is applicable
2019-12-13 12:03:32,334 [INFO] Rule:205 - rule USART StopBits 1.5 is applicable
2019-12-13 12:03:32,334 [INFO] Rule:205 - rule USART StopBits 0.5 is applicable
2019-12-13 12:03:32,334 [INFO] Rule:205 - rule UART/USART WORD LENGTH 7 is applicable
2019-12-13 12:03:32,334 [INFO] Rule:205 - rule UART/USART WORD LENGTH 8 is applicable
2019-12-13 12:03:32,334 [INFO] Rule:205 - rule UART/USART WORD LENGTH 9 is applicable
2019-12-13 12:03:32,334 [INFO] Rule:205 - rule Rename FMC NAND NCE signal is applicable
2019-12-13 12:03:32,334 [INFO] Rule:205 - rule Rename FMC NAND INT signal is applicable
2019-12-13 12:03:32,334 [INFO] Rule:205 - rule Change Default Value for ADC ExternalTrigConv L4 family is applicable
2019-12-13 12:03:32,334 [INFO] Rule:205 - rule Change Default Value for ADC ExternalTrigInjecConv L4 family is applicable
2019-12-13 12:03:32,334 [INFO] Rule:205 - rule Change Default Value for ADC ExternalTrigConv F3 family is applicable
2019-12-13 12:03:32,335 [INFO] Rule:205 - rule Change Default Value for ADC ExternalTrigInjecConv F3 family is applicable
2019-12-13 12:03:32,335 [INFO] Rule:205 - rule Change Default Value for ADC ExternalTrigConv Goldfish serie is applicable
2019-12-13 12:03:32,335 [INFO] Rule:205 - rule Change Default Value for ADC ExternalTrigInjecConv Goldfish serie is applicable
2019-12-13 12:03:32,335 [INFO] Rule:205 - rule Change Default Value for ADC ExternalTrigConv L0 family is applicable
2019-12-13 12:03:32,335 [INFO] Rule:205 - rule Change Default Value for ADC ExternalTrigConv F0 family is applicable
2019-12-13 12:03:32,335 [INFO] Rule:205 - rule Change Default Value for ADC ExternalTrigConvn L1 family is applicable
2019-12-13 12:03:32,335 [INFO] Rule:205 - rule Change Default Value for ADC ExternalTrigInjecConv L1 family is applicable
2019-12-13 12:03:32,335 [INFO] Rule:205 - rule Change Default Value for ADC ExternalTrigConv F1 family is applicable
2019-12-13 12:03:32,337 [INFO] Rule:205 - rule Change Default Value for ADC ExternalTrigInjecConv F1 family is applicable
2019-12-13 12:03:32,337 [INFO] Rule:205 - rule Change Default Value for ADC ExternalTrigConv F7 family is applicable
2019-12-13 12:03:32,337 [INFO] Rule:205 - rule Change Default Value for ADC ExternalTrigInjecConv F7 family is applicable
2019-12-13 12:03:32,337 [INFO] Rule:205 - rule Change Default Value for ADC ExternalTrigConv F4 and F2 family is applicable
2019-12-13 12:03:32,337 [INFO] Rule:205 - rule Change Default Value for ADC ExternalTrigInjecConv F4 and F2 family is applicable
2019-12-13 12:03:32,337 [INFO] Rule:205 - rule ADC SamplingTime fix with FW L0  is applicable
2019-12-13 12:03:32,337 [INFO] Rule:205 - rule ADC SamplingTime fix with FW L0  is applicable
2019-12-13 12:03:32,338 [INFO] Rule:205 - rule ADC SamplingTime fix with FW L0 is applicable
2019-12-13 12:03:32,338 [INFO] Rule:205 - rule ADC SamplingTime fix with FW L0 is applicable
2019-12-13 12:03:32,338 [INFO] Rule:205 - rule ADC SamplingTime fix with FW L0  is applicable
2019-12-13 12:03:32,338 [INFO] Rule:205 - rule ADC SamplingTime fix with FW L0 is applicable
2019-12-13 12:03:32,338 [INFO] Rule:205 - rule Rename USB_OE Signal is applicable
2019-12-13 12:03:32,338 [INFO] Rule:205 - rule Rename Activate_OE Mode is applicable
2019-12-13 12:03:32,338 [INFO] Rule:205 - rule Rename DIE462/DIE415 pin PC14/OSC32_IN -> PC14-OSC32_IN (PC14) is applicable
2019-12-13 12:03:32,339 [INFO] Rule:205 - rule Rename DIE462/DIE415 pin PC15/OSC32_OUT -> PC15-OSC32_OUT (PC15) is applicable
2019-12-13 12:03:32,339 [INFO] Rule:205 - rule Rename DIE462/DIE415 pin PH0/OSC_IN -> PH0-OSC_IN (PH0) is applicable
2019-12-13 12:03:32,339 [INFO] Rule:205 - rule Rename DIE462/DIE415 pin PH1/OSC_OUT -> PH1-OSC_OUT (PH1) is applicable
2019-12-13 12:03:32,339 [INFO] Rule:205 - rule Rename DIE462 pin PA13 -> PA13 (JTMS/SWDIO) is applicable
2019-12-13 12:03:32,339 [INFO] Rule:205 - rule Rename DIE415 pin PA13 -> PA13 (JTMS/SWDIO) is applicable
2019-12-13 12:03:32,339 [INFO] Rule:205 - rule Rename DIE462 pin PA14 -> PA14 (JTCK/SWCLK) is applicable
2019-12-13 12:03:32,339 [INFO] Rule:205 - rule Rename DIE415 pin PA14 -> PA14 (JTCK/SWCLK) is applicable
2019-12-13 12:03:32,339 [INFO] Rule:205 - rule Rename DIE462/DIE415 pin PA15 -> PA15 (JTDI) is applicable
2019-12-13 12:03:32,340 [INFO] Rule:205 - rule Rename DIE462 pin PB3 -> PB3 (JTD0/TRACESWO) is applicable
2019-12-13 12:03:32,340 [INFO] Rule:205 - rule Rename DIE415 pin PB3 -> PB3 (JTD0-TRACESWO) is applicable
2019-12-13 12:03:32,340 [INFO] Rule:205 - rule Rename DIE462/DIE415 pin PB4 -> PB4 (NJTRST) is applicable
2019-12-13 12:03:32,340 [INFO] Rule:205 - rule Rename DIE462 pin PH3/BOOT0 -> PH3-BOOT0 (BOOT0) is applicable
2019-12-13 12:03:32,340 [INFO] Rule:205 - rule Rename CRYP DataEncryptionTypesList to Algorithm is applicable
2019-12-13 12:03:32,340 [INFO] Rule:205 - rule Rename AES DataEncryptionTypesList to Algorithm is applicable
2019-12-13 12:03:32,340 [INFO] Rule:205 - rule Rename TDESECB to CRYP_TDES_ECB is applicable
2019-12-13 12:03:32,340 [INFO] Rule:205 - rule Rename TDESCBC to CRYP_TDES_CBC is applicable
2019-12-13 12:03:32,340 [INFO] Rule:205 - rule Rename DESECB to CRYP_DES_ECB is applicable
2019-12-13 12:03:32,340 [INFO] Rule:205 - rule Rename DESCBC to CRYP_DES_CBC is applicable
2019-12-13 12:03:32,340 [INFO] Rule:205 - rule Rename AESECB to CRYP_AES_ECB is applicable
2019-12-13 12:03:32,340 [INFO] Rule:205 - rule Rename AESCBC to CRYP_AES_CBC is applicable
2019-12-13 12:03:32,340 [INFO] Rule:205 - rule Rename AESCTR to CRYP_AES_CTR is applicable
2019-12-13 12:03:32,340 [INFO] Rule:205 - rule Rename AESGCM to CRYP_AES_GCM is applicable
2019-12-13 12:03:32,340 [INFO] Rule:205 - rule Rename AESCCM to CRYP_AES_CCM is applicable
2019-12-13 12:03:32,340 [INFO] Rule:205 - rule Rename CAN TimeSeg1 to BS1 is applicable
2019-12-13 12:03:32,341 [INFO] Rule:205 - rule Rename CAN TimeSeg2 to BS2 is applicable
2019-12-13 12:03:32,341 [INFO] Rule:205 - rule Rename CAN SyncJumpWidth to SJW is applicable
2019-12-13 12:03:32,341 [INFO] Rule:205 - rule TimeTriggeredMode to TTCM is applicable
2019-12-13 12:03:32,341 [INFO] Rule:205 - rule Rename CAN AutoBusOff to ABOM is applicable
2019-12-13 12:03:32,341 [INFO] Rule:205 - rule Rename CAN AutoWakeUp to AWUM is applicable
2019-12-13 12:03:32,341 [INFO] Rule:205 - rule Rename CAN AutoRetransmission to NART is applicable
2019-12-13 12:03:32,341 [INFO] Rule:205 - rule Rename CAN ReceiveFifoLocked to RFLM is applicable
2019-12-13 12:03:32,343 [INFO] Rule:205 - rule Rename CAN TransmitFifoPriority to TXFP is applicable
2019-12-13 12:03:32,343 [INFO] Rule:205 - rule Rename HRTIMER HRTIM_OUTPUTFAULTLEVEL_HIGH in HRTIMER HRTIM_OUTPUTFAULTLEVEL_HIGHZ is applicable
2019-12-13 12:03:32,343 [INFO] Rule:205 - rule Rename TIMER TIM_CLEARINPUTSOURCE_OCREFCLR in  TIMER TIM_CLEARINPUTSOURCE_NONE for F7 family is applicable
2019-12-13 12:03:32,343 [INFO] Rule:205 - rule FDCAN_R1 - Rename FDCAN mode Master into Classic is applicable
2019-12-13 12:03:32,343 [INFO] Rule:205 - rule FDCAN_R2 - Rename FDCAN mode Slave into Classic is applicable
2019-12-13 12:03:32,343 [INFO] Rule:205 - rule FDCAN1_R3 - if PA10.Mode=FullDuplex, add Pin PA12 is applicable
2019-12-13 12:03:32,343 [INFO] Rule:205 - rule FDCAN1_R3 - if PA9.Mode=FullDuplex, add Pin PA11 is applicable
2019-12-13 12:03:32,343 [INFO] Rule:205 - rule FDCAN1_R3 - Alternatepin_1 - if PE1.Mode=FullDuplex, add Pin PB9 is applicable
2019-12-13 12:03:32,343 [INFO] Rule:205 - rule FDCAN1_R3 - Alternatepin_1 - if PE0.Mode=FullDuplex, add Pin PB8 is applicable
2019-12-13 12:03:32,343 [INFO] Rule:205 - rule FDCAN1_R3 - Alternatepin_2 - if PD5.Mode=FullDuplex, add Pin PD1 is applicable
2019-12-13 12:03:32,343 [INFO] Rule:205 - rule FDCAN1_R3 - Alternatepin_2 - if PD4.Mode=FullDuplex, add Pin PD0 is applicable
2019-12-13 12:03:32,343 [INFO] Rule:205 - rule FDCAN1_R4 - Rename Mode FullDuplex into Enable FDCAN_TXFD for pin PA10 is applicable
2019-12-13 12:03:32,343 [INFO] Rule:205 - rule FDCAN1_R4 - Rename Mode FullDuplex into Enable FDCAN_TXFD for pin PA9 is applicable
2019-12-13 12:03:32,343 [INFO] Rule:205 - rule FDCAN1_R4 - Alternatepin_1 - Rename Mode FullDuplex into Enable FDCAN_TXFD for pin PE1 is applicable
2019-12-13 12:03:32,343 [INFO] Rule:205 - rule FDCAN1_R4 - Alternatepin_1 - Rename Mode FullDuplex into Enable FDCAN_TXFD for pin PE0 is applicable
2019-12-13 12:03:32,345 [INFO] Rule:205 - rule FDCAN1_R4 - Alternatepin_2 - Rename Mode FullDuplex into Enable FDCAN_TXFD for pin PD5 is applicable
2019-12-13 12:03:32,345 [INFO] Rule:205 - rule FDCAN1_R4 - Alternatepin_2 - Rename Mode FullDuplex into Enable FDCAN_TXFD for pin PD4 is applicable
2019-12-13 12:03:32,345 [INFO] Rule:205 - rule FDCAN2_R3 - if PD10.Mode=FullDuplex, add Pin PB13 is applicable
2019-12-13 12:03:32,345 [INFO] Rule:205 - rule FDCAN2_R3 - if PD9.Mode=FullDuplex, add Pin PB12 is applicable
2019-12-13 12:03:32,345 [INFO] Rule:205 - rule FDCAN2_R3 - Alternatepin_1 - if PB7.Mode=FullDuplex, add Pin PB6 is applicable
2019-12-13 12:03:32,345 [INFO] Rule:205 - rule FDCAN2_R3 - Alternatepin_1 - if PD9.Mode=FullDuplex, add Pin PB12 is applicable
2019-12-13 12:03:32,345 [INFO] Rule:205 - rule FDCAN2_R4 - Rename Mode FullDuplex into Enable FDCAN_TXFD for pin PD10 is applicable
2019-12-13 12:03:32,345 [INFO] Rule:205 - rule FDCAN2_R4 - Rename Mode FullDuplex into Enable FDCAN_TXFD for pin PD9 is applicable
2019-12-13 12:03:32,345 [INFO] Rule:205 - rule FDCAN2_R4 - Alternatepin_1 - Rename Mode FullDuplex into Enable FDCAN_TXFD for pin PB7 is applicable
2019-12-13 12:03:32,345 [INFO] Rule:205 - rule FDCAN2_R4 - Alternatepin_1 - Rename Mode FullDuplex into Enable FDCAN_TXFD for pin PD6 is applicable
2019-12-13 12:03:32,345 [INFO] Rule:205 - rule USART TxPinLevelInvertParam Mode is applicable
2019-12-13 12:03:32,345 [INFO] Rule:205 - rule USART RxPinLevelInvertParam Mode is applicable
2019-12-13 12:03:32,346 [INFO] Rule:205 - rule USART DataInvertParam Mode is applicable
2019-12-13 12:03:32,346 [INFO] Rule:205 - rule USART SwapParam Mode is applicable
2019-12-13 12:03:32,346 [INFO] Rule:205 - rule USART OverrunDisableParam Mode is applicable
2019-12-13 12:03:32,347 [INFO] Rule:205 - rule USART DMADisableonRxErrorParam Mode is applicable
2019-12-13 12:03:32,347 [INFO] Rule:205 - rule USART MSBFirstParam Mode is applicable
2019-12-13 12:03:32,347 [INFO] Rule:205 - rule Update MwName for USB_DEVICE is applicable
2019-12-13 12:03:32,347 [INFO] Rule:205 - rule Change PWR_Regulator_Voltage_Scale Default Value for RCC  H7 family is applicable
2019-12-13 12:03:32,347 [INFO] Rule:205 - rule UART/USART IPParameter rename Prescaler parameter to ClockPrescaler is applicable
2019-12-13 12:03:32,347 [INFO] Rule:205 - rule UART/USART Prescaler rename Prescaler parameter to ClockPrescaler is applicable
2019-12-13 12:03:32,347 [INFO] Rule:205 - rule TIM1CLockSelection is applicable
2019-12-13 12:03:32,347 [INFO] Rule:205 - rule TIM15CLockSelection is applicable
2019-12-13 12:03:32,379 [INFO] DbConfProperties:222 - Apply Compatibility (46/121 Rules)
2019-12-13 12:03:32,399 [INFO] ImportTextPane:162 - (OptionalMessage_ERROR) Unable to find key (Mcu.ThirdPartyNb) in loaded IOC file
2019-12-13 12:03:32,455 [INFO] ImportTextPane:162 - (OptionalMessage_ERROR) IP (RCC) : Parameter (RTCHSEDivFreq_Value) has invalid value (4000000)
2019-12-13 12:03:32,870 [INFO] UtilMem:74 - End LoadConfig() Used Memory: 219894504 Bytes (307232768)
2019-12-13 12:03:32,887 [INFO] ThirdPartyDb:294 - Open Third Party DataBase File (C:/Users/60310203/.stm32cubemx/plugins/thirdparty/db/thirdparties_db.xml) : 6 ms. number of Sw pack : 8
2019-12-13 12:03:32,997 [INFO] ThirdParty:912 - CMSIS Pack Vendor :STMicroelectronics X-CUBE-BLE1 4.4.0
2019-12-13 12:03:32,997 [INFO] ThirdParty:912 - CMSIS Pack Vendor :STMicroelectronics X-CUBE-MEMS1 6.2.0
2019-12-13 12:03:32,997 [INFO] ThirdParty:912 - CMSIS Pack Vendor :STMicroelectronics X-CUBE-AI 4.0.0
2019-12-13 12:03:32,997 [INFO] ThirdParty:912 - CMSIS Pack Vendor :STMicroelectronics X-CUBE-NFC4 1.4.0
2019-12-13 12:03:32,997 [INFO] ThirdParty:912 - CMSIS Pack Vendor :STMicroelectronics X-CUBE-GNSS1 3.0.0
2019-12-13 12:03:32,997 [INFO] ThirdParty:912 - CMSIS Pack Vendor :STMicroelectronics X-CUBE-MEMS1 7.0.0
2019-12-13 12:03:32,997 [INFO] ThirdParty:912 - CMSIS Pack Vendor :STMicroelectronics X-CUBE-AI 4.1.0
2019-12-13 12:03:32,997 [INFO] ThirdParty:912 - CMSIS Pack Vendor :STMicroelectronics X-CUBE-NFC4 1.5.0
2019-12-13 12:03:33,323 [INFO] PinOutPanel:1367 - setPackage(No Configuration,No Configuration)
2019-12-13 12:03:33,326 [INFO] PinOutPanel:1367 - setPackage(STM32F407VGTx,LQFP100)
2019-12-13 12:03:33,977 [INFO] UtilMem:74 - Before build in PCC Used Memory: 190653992 Bytes (307232768)
2019-12-13 12:03:34,333 [INFO] SharedServices:71 - Folder for power plug-in: C:/Users/60310203/.stm32cubemx/plugins/power
2019-12-13 12:03:34,335 [INFO] UtilMem:74 - After build in PCC Used Memory: 204746800 Bytes (307232768)
2019-12-13 12:03:34,347 [INFO] BlockDiagram:1818 - stop enableDisableButtons
2019-12-13 12:03:34,347 [INFO] IPUIPlugin:63 - create IPUIPlugin
2019-12-13 12:03:34,348 [INFO] IPUIPlugin:63 - create IPUIPlugin
2019-12-13 12:03:34,348 [INFO] IPUIPlugin:63 - create IPUIPlugin
2019-12-13 12:03:34,348 [INFO] IPUIPlugin:63 - create IPUIPlugin
2019-12-13 12:03:34,348 [INFO] IPUIPlugin:63 - create IPUIPlugin
2019-12-13 12:03:34,348 [INFO] IPUIPlugin:63 - create IPUIPlugin
2019-12-13 12:03:34,348 [INFO] IPUIPlugin:63 - create IPUIPlugin
2019-12-13 12:03:34,348 [INFO] IPUIPlugin:63 - create IPUIPlugin
2019-12-13 12:03:34,349 [INFO] IPUIPlugin:63 - create IPUIPlugin
2019-12-13 12:03:34,349 [INFO] IPUIPlugin:63 - create IPUIPlugin
2019-12-13 12:03:34,349 [INFO] IPUIPlugin:63 - create IPUIPlugin
2019-12-13 12:03:34,349 [INFO] IPUIPlugin:63 - create IPUIPlugin
2019-12-13 12:03:34,349 [INFO] IPUIPlugin:63 - create IPUIPlugin
2019-12-13 12:03:34,350 [INFO] IPUIPlugin:63 - create IPUIPlugin
2019-12-13 12:03:34,350 [INFO] IPUIPlugin:63 - create IPUIPlugin
2019-12-13 12:03:34,350 [INFO] IPUIPlugin:63 - create IPUIPlugin
2019-12-13 12:03:34,350 [INFO] IPUIPlugin:63 - create IPUIPlugin
2019-12-13 12:03:34,350 [INFO] IPUIPlugin:63 - create IPUIPlugin
2019-12-13 12:03:34,351 [INFO] IPUIPlugin:63 - create IPUIPlugin
2019-12-13 12:03:34,351 [INFO] IPUIPlugin:63 - create IPUIPlugin
2019-12-13 12:03:34,351 [INFO] IPUIPlugin:63 - create IPUIPlugin
2019-12-13 12:03:34,351 [INFO] IPUIPlugin:63 - create IPUIPlugin
2019-12-13 12:03:34,352 [INFO] IPUIPlugin:63 - create IPUIPlugin
2019-12-13 12:03:34,352 [INFO] IPUIPlugin:63 - create IPUIPlugin
2019-12-13 12:03:34,352 [INFO] IPUIPlugin:63 - create IPUIPlugin
2019-12-13 12:03:34,352 [INFO] IPUIPlugin:63 - create IPUIPlugin
2019-12-13 12:03:34,352 [INFO] IPUIPlugin:63 - create IPUIPlugin
2019-12-13 12:03:34,353 [INFO] IPUIPlugin:63 - create IPUIPlugin
2019-12-13 12:03:34,353 [INFO] IPUIPlugin:63 - create IPUIPlugin
2019-12-13 12:03:34,353 [INFO] IPUIPlugin:63 - create IPUIPlugin
2019-12-13 12:03:34,353 [INFO] IPUIPlugin:63 - create IPUIPlugin
2019-12-13 12:03:34,353 [INFO] IPUIPlugin:63 - create IPUIPlugin
2019-12-13 12:03:34,354 [INFO] IPUIPlugin:63 - create IPUIPlugin
2019-12-13 12:03:34,354 [INFO] IPUIPlugin:63 - create IPUIPlugin
2019-12-13 12:03:34,354 [INFO] IPUIPlugin:63 - create IPUIPlugin
2019-12-13 12:03:34,354 [INFO] IPUIPlugin:63 - create IPUIPlugin
2019-12-13 12:03:34,355 [INFO] IPUIPlugin:63 - create IPUIPlugin
2019-12-13 12:03:34,355 [INFO] IPUIPlugin:63 - create IPUIPlugin
2019-12-13 12:03:34,355 [INFO] IPUIPlugin:63 - create IPUIPlugin
2019-12-13 12:03:34,355 [INFO] IPUIPlugin:63 - create IPUIPlugin
2019-12-13 12:03:34,355 [INFO] IPUIPlugin:63 - create IPUIPlugin
2019-12-13 12:03:34,356 [INFO] IPUIPlugin:63 - create IPUIPlugin
2019-12-13 12:03:34,356 [INFO] IPUIPlugin:63 - create IPUIPlugin
2019-12-13 12:03:34,356 [INFO] IPUIPlugin:63 - create IPUIPlugin
2019-12-13 12:03:34,356 [INFO] IPUIPlugin:63 - create IPUIPlugin
2019-12-13 12:03:34,357 [INFO] IPUIPlugin:63 - create IPUIPlugin
2019-12-13 12:03:34,357 [INFO] IPUIPlugin:63 - create IPUIPlugin
2019-12-13 12:03:34,357 [INFO] IPUIPlugin:63 - create IPUIPlugin
2019-12-13 12:03:34,357 [INFO] IPUIPlugin:63 - create IPUIPlugin
2019-12-13 12:03:34,358 [INFO] IPUIPlugin:63 - create IPUIPlugin
2019-12-13 12:03:34,358 [INFO] IPUIPlugin:63 - create IPUIPlugin
2019-12-13 12:03:34,358 [INFO] IPUIPlugin:63 - create IPUIPlugin
2019-12-13 12:03:34,358 [INFO] IPUIPlugin:63 - create IPUIPlugin
2019-12-13 12:03:34,359 [INFO] IPUIPlugin:63 - create IPUIPlugin
2019-12-13 12:03:34,359 [INFO] IPUIPlugin:63 - create IPUIPlugin
2019-12-13 12:03:34,360 [INFO] IPUIPlugin:63 - create IPUIPlugin
2019-12-13 12:03:34,360 [INFO] IPUIPlugin:63 - create IPUIPlugin
2019-12-13 12:03:34,360 [INFO] IPUIPlugin:63 - create IPUIPlugin
2019-12-13 12:03:34,374 [WARN] IP:1918 - I2C_Coeff_DF not found: check if there is a RefParameter without a condition.
2019-12-13 12:03:34,375 [WARN] IP:1918 - Analog_Filter not found: check if there is a RefParameter without a condition.
2019-12-13 12:03:34,388 [INFO] I2sManager:611 - 9.6E7
2019-12-13 12:03:34,388 [INFO] I2sManager:169 - I2S Clock Value : 9.6E7
2019-12-13 12:03:34,390 [INFO] I2sManager:506 - AudioClock : 93750Divider : 2Odd : 0
2019-12-13 12:03:34,390 [INFO] BlockDiagram:1818 - stop enableDisableButtons
2019-12-13 12:03:34,403 [INFO] LogOutputStream:76 - [STDOUT_REDIRECT] toolchainItems.length=====1
2019-12-13 12:03:34,407 [INFO] LogOutputStream:76 - [STDOUT_REDIRECT] method name===============isUnderRootDefaultMode
2019-12-13 12:03:34,410 [INFO] LogOutputStream:76 - [STDOUT_REDIRECT] method name===============isRootSelectionSupported
2019-12-13 12:03:34,507 [INFO] LogOutputStream:76 - [STDOUT_REDIRECT] method name===============isUnderRootDefaultMode
2019-12-13 12:03:34,509 [INFO] LogOutputStream:76 - [STDOUT_REDIRECT] method name===============isUnderRootDefaultMode
2019-12-13 12:03:34,510 [INFO] LogOutputStream:76 - [STDOUT_REDIRECT] method name===============isUnderRootDefaultMode
2019-12-13 12:03:34,512 [INFO] LogOutputStream:76 - [STDOUT_REDIRECT] method name===============isRootSelectionSupported
2019-12-13 12:03:34,513 [INFO] LogOutputStream:76 - [STDOUT_REDIRECT] method name===============isRootSelectionSupported
2019-12-13 12:03:34,515 [INFO] LogOutputStream:76 - [STDOUT_REDIRECT] method name===============isUnderRootDefaultMode
2019-12-13 12:03:34,521 [INFO] OpenFileManager:289 - Restore cursor
2019-12-13 12:03:34,528 [INFO] LogOutputStream:76 - [STDOUT_REDIRECT] method name===============isUnderRootDefaultMode
2019-12-13 12:03:34,529 [INFO] LogOutputStream:76 - [STDOUT_REDIRECT] method name===============isUnderRootDefaultMode
2019-12-13 12:03:34,531 [INFO] LogOutputStream:76 - [STDOUT_REDIRECT] method name===============isUnderRootDefaultMode
2019-12-13 12:03:34,533 [INFO] LogOutputStream:76 - [STDOUT_REDIRECT] method name===============isRootSelectionSupported
2019-12-13 12:03:34,536 [INFO] LogOutputStream:76 - [STDOUT_REDIRECT] method name===============isRootSelectionSupported
2019-12-13 12:03:34,538 [INFO] LogOutputStream:76 - [STDOUT_REDIRECT] method name===============isUnderRootDefaultMode
2019-12-13 12:03:34,578 [WARN] IP:1918 - I2C_Coeff_DF not found: check if there is a RefParameter without a condition.
2019-12-13 12:03:34,578 [WARN] IP:1918 - Analog_Filter not found: check if there is a RefParameter without a condition.
2019-12-13 12:03:34,579 [WARN] IP:1918 - I2C_Coeff_DF not found: check if there is a RefParameter without a condition.
2019-12-13 12:03:34,579 [WARN] IP:1918 - Analog_Filter not found: check if there is a RefParameter without a condition.
2019-12-13 12:03:34,667 [INFO] ApiDbMcu:444 - Load IP Config File for USB_HOST
2019-12-13 12:03:34,677 [INFO] BlockDiagram:1818 - stop enableDisableButtons
2019-12-13 12:03:34,686 [INFO] LogOutputStream:76 - [STDOUT_REDIRECT] method name===============isUnderRootDefaultMode
2019-12-13 12:03:34,689 [INFO] LogOutputStream:76 - [STDOUT_REDIRECT] method name===============isUnderRootDefaultMode
2019-12-13 12:03:34,691 [INFO] LogOutputStream:76 - [STDOUT_REDIRECT] method name===============isUnderRootDefaultMode
2019-12-13 12:03:34,693 [INFO] LogOutputStream:76 - [STDOUT_REDIRECT] method name===============isRootSelectionSupported
2019-12-13 12:03:34,694 [INFO] LogOutputStream:76 - [STDOUT_REDIRECT] method name===============isRootSelectionSupported
2019-12-13 12:03:34,695 [INFO] LogOutputStream:76 - [STDOUT_REDIRECT] method name===============isUnderRootDefaultMode
2019-12-13 12:03:34,725 [INFO] BlockDiagram:1818 - stop enableDisableButtons
2019-12-13 12:03:34,867 [INFO] LogOutputStream:76 - [STDOUT_REDIRECT] method name===============isUnderRootDefaultMode
2019-12-13 12:03:34,868 [INFO] LogOutputStream:76 - [STDOUT_REDIRECT] method name===============isUnderRootDefaultMode
2019-12-13 12:03:34,870 [INFO] LogOutputStream:76 - [STDOUT_REDIRECT] method name===============isUnderRootDefaultMode
2019-12-13 12:03:34,873 [INFO] LogOutputStream:76 - [STDOUT_REDIRECT] method name===============isRootSelectionSupported
2019-12-13 12:03:34,874 [INFO] LogOutputStream:76 - [STDOUT_REDIRECT] method name===============isRootSelectionSupported
2019-12-13 12:03:34,877 [INFO] LogOutputStream:76 - [STDOUT_REDIRECT] method name===============isUnderRootDefaultMode
2019-12-13 12:03:34,892 [INFO] UtilMem:74 - End SaveConfig() Used Memory: 260129936 Bytes (307232768)
2019-12-13 12:03:34,896 [INFO] LogOutputStream:76 - [STDOUT_REDIRECT] method name===============isUnderRootDefaultMode
2019-12-13 12:03:34,899 [INFO] LogOutputStream:76 - [STDOUT_REDIRECT] method name===============isUnderRootDefaultMode
2019-12-13 12:03:34,901 [INFO] LogOutputStream:76 - [STDOUT_REDIRECT] method name===============isUnderRootDefaultMode
2019-12-13 12:03:34,902 [INFO] LogOutputStream:76 - [STDOUT_REDIRECT] method name===============isRootSelectionSupported
2019-12-13 12:03:34,904 [INFO] LogOutputStream:76 - [STDOUT_REDIRECT] method name===============isRootSelectionSupported
2019-12-13 12:03:34,907 [INFO] LogOutputStream:76 - [STDOUT_REDIRECT] method name===============isUnderRootDefaultMode
2019-12-13 12:03:37,134 [INFO] FileExtend:191 - Unzip File : stm32cube_fw_f4_v1240.zip
2019-12-13 12:03:37,135 [INFO] FileExtend:206 - Standard Zip Deflate
2019-12-13 12:14:19,955 [INFO] ServerAccessManage:347 - Download File stm32cube_fw_f4_v1242.zip
2019-12-13 12:16:35,016 [INFO] FileExtend:191 - Unzip File : stm32cube_fw_f4_v1242.zip
2019-12-13 12:16:35,018 [INFO] FileExtend:206 - Standard Zip Deflate
2019-12-13 12:16:39,535 [INFO] LoadServerPackagesThread:149 - End of LoadServerPackages Thread
2019-12-13 12:16:39,591 [INFO] CheckServerUpdateThread:121 - End of CheckServer Thread
2019-12-13 12:16:39,608 [INFO] UtilMem:74 - End SaveConfig() Used Memory: 354492360 Bytes (1073741824)
2019-12-13 12:16:39,611 [INFO] LogOutputStream:76 - [STDOUT_REDIRECT] method name===============isUnderRootDefaultMode
2019-12-13 12:16:39,615 [INFO] LogOutputStream:76 - [STDOUT_REDIRECT] method name===============isUnderRootDefaultMode
2019-12-13 12:16:39,616 [INFO] LogOutputStream:76 - [STDOUT_REDIRECT] method name===============isUnderRootDefaultMode
2019-12-13 12:16:39,617 [INFO] LogOutputStream:76 - [STDOUT_REDIRECT] method name===============isRootSelectionSupported
2019-12-13 12:16:39,618 [INFO] LogOutputStream:76 - [STDOUT_REDIRECT] method name===============isRootSelectionSupported
2019-12-13 12:16:39,619 [INFO] LogOutputStream:76 - [STDOUT_REDIRECT] method name===============isUnderRootDefaultMode
2019-12-13 12:16:40,271 [INFO] BlockDiagram:1862 - set Specific Code input for plugin: SPI
2019-12-13 12:16:40,271 [INFO] BlockDiagram:1862 - set Specific Code input for plugin: I2S
2019-12-13 12:16:40,272 [INFO] BlockDiagram:1862 - set Specific Code input for plugin: SYS
2019-12-13 12:16:40,272 [INFO] BlockDiagram:1862 - set Specific Code input for plugin: RCC
2019-12-13 12:16:40,272 [INFO] BlockDiagram:1862 - set Specific Code input for plugin: I2C
2019-12-13 12:16:40,272 [INFO] BlockDiagram:1862 - set Specific Code input for plugin: USB_OTG_FS
2019-12-13 12:16:40,272 [INFO] BlockDiagram:1862 - set Specific Code input for plugin: NVIC
2019-12-13 12:16:40,272 [INFO] BlockDiagram:1862 - set Specific Code input for plugin: USB_HOST
2019-12-13 12:16:40,274 [INFO] CodeGenerator:583 - code generatio: config db path: C:\ST\STM32CubeIDE_1.0.2\STM32CubeIDE\plugins\com.st.stm32cube.common.mx_5.3.0.201907110903\\db\
2019-12-13 12:16:40,413 [WARN] IP:1918 - I2C_Coeff_DF not found: check if there is a RefParameter without a condition.
2019-12-13 12:16:40,413 [WARN] IP:1918 - Analog_Filter not found: check if there is a RefParameter without a condition.
2019-12-13 12:16:41,352 [INFO] CodeEngine:190 - oldGeneratedFile, C:\Users\60310203\STM32CubeIDE\SmartTrash\SmartTrashSTM\MXTmpFiles\license.tmp_save
2019-12-13 12:16:42,203 [INFO] CodeEngine:208 - Generated code: C:\Users\60310203\STM32CubeIDE\SmartTrash\SmartTrashSTM\MXTmpFiles\license.tmp
2019-12-13 12:16:42,653 [INFO] CodeEngine:190 - oldGeneratedFile, C:\Users\60310203\STM32CubeIDE\SmartTrash\SmartTrashSTM\MXTmpFiles\gpio.tmp_save
2019-12-13 12:16:42,841 [INFO] CodeEngine:208 - Generated code: C:\Users\60310203\STM32CubeIDE\SmartTrash\SmartTrashSTM\MXTmpFiles\gpio.tmp
2019-12-13 12:16:42,846 [INFO] LogOutputStream:76 - [STDOUT_REDIRECT] Command line test
2019-12-13 12:16:42,991 [INFO] CodeEngine:190 - oldGeneratedFile, C:\Users\60310203\STM32CubeIDE\SmartTrash\SmartTrashSTM\MXTmpFiles\usb_otg_fs_vars.tmp_save
2019-12-13 12:16:43,134 [INFO] CodeEngine:208 - Generated code: C:\Users\60310203\STM32CubeIDE\SmartTrash\SmartTrashSTM\MXTmpFiles\usb_otg_fs_vars.tmp
2019-12-13 12:16:43,194 [INFO] CodeEngine:190 - oldGeneratedFile, C:\Users\60310203\STM32CubeIDE\SmartTrash\SmartTrashSTM\MXTmpFiles\usb_otg_fs_inc.tmp_save
2019-12-13 12:16:43,341 [INFO] CodeEngine:208 - Generated code: C:\Users\60310203\STM32CubeIDE\SmartTrash\SmartTrashSTM\MXTmpFiles\usb_otg_fs_inc.tmp
2019-12-13 12:16:43,480 [INFO] CodeEngine:190 - oldGeneratedFile, C:\Users\60310203\STM32CubeIDE\SmartTrash\SmartTrashSTM\MXTmpFiles\usb_otg_fs_HalInit.tmp_save
2019-12-13 12:16:43,686 [INFO] CodeEngine:208 - Generated code: C:\Users\60310203\STM32CubeIDE\SmartTrash\SmartTrashSTM\MXTmpFiles\usb_otg_fs_HalInit.tmp
2019-12-13 12:16:43,745 [INFO] CodeEngine:190 - oldGeneratedFile, C:\Users\60310203\STM32CubeIDE\SmartTrash\SmartTrashSTM\MXTmpFiles\usb_otg_fs_Msp.tmp_save
2019-12-13 12:16:43,931 [INFO] CodeEngine:208 - Generated code: C:\Users\60310203\STM32CubeIDE\SmartTrash\SmartTrashSTM\MXTmpFiles\usb_otg_fs_Msp.tmp
2019-12-13 12:16:44,337 [INFO] LogOutputStream:76 - [STDOUT_REDIRECT] Command line
2019-12-13 12:16:44,339 [INFO] LogOutputStream:76 - [STDOUT_REDIRECT] Debug : prepare data for I2C
2019-12-13 12:16:44,340 [INFO] LogOutputStream:76 - [STDOUT_REDIRECT] Command line test
2019-12-13 12:16:44,342 [INFO] LogOutputStream:76 - [STDOUT_REDIRECT] Command line
2019-12-13 12:16:44,345 [INFO] LogOutputStream:76 - [STDOUT_REDIRECT] Debug : prepare data for I2S
2019-12-13 12:16:44,346 [INFO] LogOutputStream:76 - [STDOUT_REDIRECT] Command line test
2019-12-13 12:16:44,347 [INFO] LogOutputStream:76 - [STDOUT_REDIRECT] Command line
2019-12-13 12:16:44,349 [INFO] LogOutputStream:76 - [STDOUT_REDIRECT] Debug : prepare data for SPI
2019-12-13 12:16:44,350 [INFO] LogOutputStream:76 - [STDOUT_REDIRECT] Command line test
2019-12-13 12:16:44,351 [INFO] LogOutputStream:76 - [STDOUT_REDIRECT] Command line
2019-12-13 12:16:44,353 [INFO] LogOutputStream:76 - [STDOUT_REDIRECT] Debug : prepare data for SYS
2019-12-13 12:16:44,354 [INFO] LogOutputStream:76 - [STDOUT_REDIRECT] Command line test
2019-12-13 12:16:44,356 [INFO] LogOutputStream:76 - [STDOUT_REDIRECT] Command line
2019-12-13 12:16:44,429 [INFO] CodeEngine:190 - oldGeneratedFile, C:\Users\60310203\STM32CubeIDE\SmartTrash\SmartTrashSTM\Src\usb_host.c_save
2019-12-13 12:16:44,706 [INFO] CodeEngine:208 - Generated code: C:\Users\60310203\STM32CubeIDE\SmartTrash\SmartTrashSTM\Src\usb_host.c
2019-12-13 12:16:44,863 [INFO] CodeEngine:190 - oldGeneratedFile, C:\Users\60310203\STM32CubeIDE\SmartTrash\SmartTrashSTM\Inc\usb_host.h_save
2019-12-13 12:16:46,543 [INFO] CodeEngine:208 - Generated code: C:\Users\60310203\STM32CubeIDE\SmartTrash\SmartTrashSTM\Inc\usb_host.h
2019-12-13 12:16:47,027 [INFO] CodeEngine:190 - oldGeneratedFile, C:\Users\60310203\STM32CubeIDE\SmartTrash\SmartTrashSTM\Inc\usbh_conf.h_save
2019-12-13 12:16:47,257 [INFO] CodeEngine:208 - Generated code: C:\Users\60310203\STM32CubeIDE\SmartTrash\SmartTrashSTM\Inc\usbh_conf.h
2019-12-13 12:16:47,326 [INFO] CodeEngine:190 - oldGeneratedFile, C:\Users\60310203\STM32CubeIDE\SmartTrash\SmartTrashSTM\Src\usbh_conf.c_save
2019-12-13 12:16:47,423 [INFO] CodeEngine:208 - Generated code: C:\Users\60310203\STM32CubeIDE\SmartTrash\SmartTrashSTM\Src\usbh_conf.c
2019-12-13 12:16:47,555 [INFO] CodeEngine:190 - oldGeneratedFile, C:\Users\60310203\STM32CubeIDE\SmartTrash\SmartTrashSTM\Src\usbh_platform.c_save
2019-12-13 12:16:47,820 [INFO] CodeEngine:208 - Generated code: C:\Users\60310203\STM32CubeIDE\SmartTrash\SmartTrashSTM\Src\usbh_platform.c
2019-12-13 12:16:47,860 [INFO] CodeEngine:190 - oldGeneratedFile, C:\Users\60310203\STM32CubeIDE\SmartTrash\SmartTrashSTM\Inc\usbh_platform.h_save
2019-12-13 12:16:47,987 [INFO] CodeEngine:208 - Generated code: C:\Users\60310203\STM32CubeIDE\SmartTrash\SmartTrashSTM\Inc\usbh_platform.h
2019-12-13 12:16:47,989 [INFO] LogOutputStream:76 - [STDOUT_REDIRECT] Debug : prepare data for NVIC
2019-12-13 12:16:47,990 [INFO] LogOutputStream:76 - [STDOUT_REDIRECT] Command line test
2019-12-13 12:16:48,040 [INFO] CodeEngine:190 - oldGeneratedFile, C:\Users\60310203\STM32CubeIDE\SmartTrash\SmartTrashSTM\Src\stm32f4xx_it.c_save
2019-12-13 12:16:48,173 [INFO] CodeEngine:208 - Generated code: C:\Users\60310203\STM32CubeIDE\SmartTrash\SmartTrashSTM\Src\stm32f4xx_it.c
2019-12-13 12:16:48,217 [INFO] CodeEngine:190 - oldGeneratedFile, C:\Users\60310203\STM32CubeIDE\SmartTrash\SmartTrashSTM\Inc\stm32f4xx_it.h_save
2019-12-13 12:16:48,275 [INFO] CodeEngine:208 - Generated code: C:\Users\60310203\STM32CubeIDE\SmartTrash\SmartTrashSTM\Inc\stm32f4xx_it.h
2019-12-13 12:16:48,796 [INFO] CodeEngine:190 - oldGeneratedFile, C:\Users\60310203\STM32CubeIDE\SmartTrash\SmartTrashSTM\Src\stm32f4xx_hal_msp.c_save
2019-12-13 12:16:48,936 [INFO] CodeEngine:208 - Generated code: C:\Users\60310203\STM32CubeIDE\SmartTrash\SmartTrashSTM\Src\stm32f4xx_hal_msp.c
2019-12-13 12:16:49,017 [INFO] CodeEngine:190 - oldGeneratedFile, C:\Users\60310203\STM32CubeIDE\SmartTrash\SmartTrashSTM\MXTmpFiles\system.tmp_save
2019-12-13 12:16:49,079 [INFO] CodeEngine:208 - Generated code: C:\Users\60310203\STM32CubeIDE\SmartTrash\SmartTrashSTM\MXTmpFiles\system.tmp
2019-12-13 12:16:49,604 [INFO] CodeEngine:190 - oldGeneratedFile, C:\Users\60310203\STM32CubeIDE\SmartTrash\SmartTrashSTM\Inc\stm32f4xx_hal_conf.h_save
2019-12-13 12:16:49,740 [INFO] CodeEngine:208 - Generated code: C:\Users\60310203\STM32CubeIDE\SmartTrash\SmartTrashSTM\Inc\stm32f4xx_hal_conf.h
2019-12-13 12:16:49,781 [WARN] IPConfigManager:2562 - IP not found : gpio
2019-12-13 12:16:49,783 [WARN] CodeGenerator:2617 - IP not found : gpio
2019-12-13 12:16:49,847 [INFO] CodeEngine:190 - oldGeneratedFile, C:\Users\60310203\STM32CubeIDE\SmartTrash\SmartTrashSTM\Inc\main.h_save
2019-12-13 12:16:49,955 [INFO] CodeEngine:208 - Generated code: C:\Users\60310203\STM32CubeIDE\SmartTrash\SmartTrashSTM\Inc\main.h
2019-12-13 12:16:50,050 [INFO] CodeEngine:190 - oldGeneratedFile, C:\Users\60310203\STM32CubeIDE\SmartTrash\SmartTrashSTM\Src\main.c_save
2019-12-13 12:16:50,400 [INFO] CodeEngine:208 - Generated code: C:\Users\60310203\STM32CubeIDE\SmartTrash\SmartTrashSTM\Src\main.c
2019-12-13 12:16:52,631 [INFO] ProjectBuilder:1570 - Time for Copy HAL[1] : 616mS.
2019-12-13 12:16:52,738 [INFO] ProjectBuilder:2138 - Project Generator version: 3.4.0
2019-12-13 12:16:53,102 [INFO] ConfigFileManager:879 - The Die is : DIE413
2019-12-13 12:16:53,109 [INFO] LogOutputStream:76 - [STDOUT_REDIRECT] configName ==Arm Cortex-M4
2019-12-13 12:16:53,247 [INFO] LogOutputStream:76 - [STDOUT_REDIRECT] memory ==name="RAM" access="xrw" start="0x20000000" size="128"
2019-12-13 12:16:53,249 [INFO] LogOutputStream:76 - [STDOUT_REDIRECT] memory ==name="CCMRAM" access="rw" start="0x10000000" size="64"
2019-12-13 12:16:53,251 [INFO] LogOutputStream:76 - [STDOUT_REDIRECT] memory ==name="FLASH" access="rx" start="0x8000000" size="1024"
2019-12-13 12:16:53,448 [INFO] LogOutputStream:76 - [STDOUT_REDIRECT] namefile= STM32CubeIDE
2019-12-13 12:16:53,450 [INFO] LogOutputStream:76 - [STDOUT_REDIRECT] method name===============generate
2019-12-13 12:17:08,357 [INFO] ProjectBuilder:2232 - Time for Generating toolchain IDE Files: 15619mS.
2019-12-13 12:17:08,358 [INFO] ProjectBuilder:1461 - Time for Copy CMSIS : 0mS.
2019-12-13 12:17:08,363 [INFO] ProjectBuilder:1461 - Time for Copy CMSIS : 0mS.
2019-12-13 12:19:46,762 [INFO] BlockDiagram:1818 - stop enableDisableButtons
2019-12-13 12:19:51,237 [INFO] LogOutputStream:76 - [STDOUT_REDIRECT] method name===============isUnderRootDefaultMode
2019-12-13 12:19:51,238 [INFO] LogOutputStream:76 - [STDOUT_REDIRECT] method name===============isUnderRootDefaultMode
2019-12-13 12:19:51,239 [INFO] LogOutputStream:76 - [STDOUT_REDIRECT] method name===============isUnderRootDefaultMode
2019-12-13 12:19:51,240 [INFO] LogOutputStream:76 - [STDOUT_REDIRECT] method name===============isRootSelectionSupported
2019-12-13 12:19:51,241 [INFO] LogOutputStream:76 - [STDOUT_REDIRECT] method name===============isRootSelectionSupported
2019-12-13 12:19:51,242 [INFO] LogOutputStream:76 - [STDOUT_REDIRECT] method name===============isUnderRootDefaultMode
2019-12-13 12:19:51,538 [INFO] BlockDiagram:1818 - stop enableDisableButtons
2019-12-13 12:19:51,766 [INFO] BlockDiagram:1818 - stop enableDisableButtons
2019-12-13 12:23:17,978 [INFO] UtilMem:74 - End SaveConfig() Used Memory: 498168736 Bytes (1073741824)
2019-12-13 12:23:17,981 [INFO] LogOutputStream:76 - [STDOUT_REDIRECT] method name===============isUnderRootDefaultMode
2019-12-13 12:23:17,982 [INFO] LogOutputStream:76 - [STDOUT_REDIRECT] method name===============isUnderRootDefaultMode
2019-12-13 12:23:17,984 [INFO] LogOutputStream:76 - [STDOUT_REDIRECT] method name===============isUnderRootDefaultMode
2019-12-13 12:23:17,986 [INFO] LogOutputStream:76 - [STDOUT_REDIRECT] method name===============isRootSelectionSupported
2019-12-13 12:23:17,989 [INFO] LogOutputStream:76 - [STDOUT_REDIRECT] method name===============isRootSelectionSupported
2019-12-13 12:23:17,990 [INFO] LogOutputStream:76 - [STDOUT_REDIRECT] method name===============isUnderRootDefaultMode
2019-12-13 12:23:20,737 [INFO] UtilMem:74 - End SaveConfig() Used Memory: 508128168 Bytes (1073741824)
2019-12-13 12:23:20,740 [INFO] LogOutputStream:76 - [STDOUT_REDIRECT] method name===============isUnderRootDefaultMode
2019-12-13 12:23:20,741 [INFO] LogOutputStream:76 - [STDOUT_REDIRECT] method name===============isUnderRootDefaultMode
2019-12-13 12:23:20,743 [INFO] LogOutputStream:76 - [STDOUT_REDIRECT] method name===============isUnderRootDefaultMode
2019-12-13 12:23:20,744 [INFO] LogOutputStream:76 - [STDOUT_REDIRECT] method name===============isRootSelectionSupported
2019-12-13 12:23:20,746 [INFO] LogOutputStream:76 - [STDOUT_REDIRECT] method name===============isRootSelectionSupported
2019-12-13 12:23:20,747 [INFO] LogOutputStream:76 - [STDOUT_REDIRECT] method name===============isUnderRootDefaultMode
2019-12-13 12:23:20,871 [INFO] BlockDiagram:1862 - set Specific Code input for plugin: SPI
2019-12-13 12:23:20,872 [INFO] BlockDiagram:1862 - set Specific Code input for plugin: I2S
2019-12-13 12:23:20,872 [INFO] BlockDiagram:1862 - set Specific Code input for plugin: SYS
2019-12-13 12:23:20,872 [INFO] BlockDiagram:1862 - set Specific Code input for plugin: RCC
2019-12-13 12:23:20,872 [INFO] BlockDiagram:1862 - set Specific Code input for plugin: I2C
2019-12-13 12:23:20,872 [INFO] BlockDiagram:1862 - set Specific Code input for plugin: USB_OTG_FS
2019-12-13 12:23:20,872 [INFO] BlockDiagram:1862 - set Specific Code input for plugin: NVIC
2019-12-13 12:23:20,872 [INFO] BlockDiagram:1862 - set Specific Code input for plugin: USB_HOST
2019-12-13 12:23:20,872 [INFO] BlockDiagram:1862 - set Specific Code input for plugin: USART
2019-12-13 12:23:20,873 [INFO] CodeGenerator:583 - code generatio: config db path: C:\ST\STM32CubeIDE_1.0.2\STM32CubeIDE\plugins\com.st.stm32cube.common.mx_5.3.0.201907110903\\db\
2019-12-13 12:23:20,877 [WARN] IP:1918 - I2C_Coeff_DF not found: check if there is a RefParameter without a condition.
2019-12-13 12:23:20,877 [WARN] IP:1918 - Analog_Filter not found: check if there is a RefParameter without a condition.
2019-12-13 12:23:21,028 [INFO] CodeEngine:190 - oldGeneratedFile, C:\Users\60310203\STM32CubeIDE\SmartTrash\SmartTrashSTM\MXTmpFiles\license.tmp_save
2019-12-13 12:23:21,098 [INFO] CodeEngine:208 - Generated code: C:\Users\60310203\STM32CubeIDE\SmartTrash\SmartTrashSTM\MXTmpFiles\license.tmp
2019-12-13 12:23:21,155 [INFO] CodeEngine:190 - oldGeneratedFile, C:\Users\60310203\STM32CubeIDE\SmartTrash\SmartTrashSTM\MXTmpFiles\gpio.tmp_save
2019-12-13 12:23:22,438 [INFO] CodeEngine:208 - Generated code: C:\Users\60310203\STM32CubeIDE\SmartTrash\SmartTrashSTM\MXTmpFiles\gpio.tmp
2019-12-13 12:23:22,440 [INFO] LogOutputStream:76 - [STDOUT_REDIRECT] Command line test
2019-12-13 12:23:22,496 [INFO] CodeEngine:190 - oldGeneratedFile, C:\Users\60310203\STM32CubeIDE\SmartTrash\SmartTrashSTM\MXTmpFiles\usb_otg_fs_vars.tmp_save
2019-12-13 12:23:22,578 [INFO] CodeEngine:208 - Generated code: C:\Users\60310203\STM32CubeIDE\SmartTrash\SmartTrashSTM\MXTmpFiles\usb_otg_fs_vars.tmp
2019-12-13 12:23:22,604 [INFO] CodeEngine:190 - oldGeneratedFile, C:\Users\60310203\STM32CubeIDE\SmartTrash\SmartTrashSTM\MXTmpFiles\usb_otg_fs_inc.tmp_save
2019-12-13 12:23:22,680 [INFO] CodeEngine:208 - Generated code: C:\Users\60310203\STM32CubeIDE\SmartTrash\SmartTrashSTM\MXTmpFiles\usb_otg_fs_inc.tmp
2019-12-13 12:23:22,721 [INFO] CodeEngine:190 - oldGeneratedFile, C:\Users\60310203\STM32CubeIDE\SmartTrash\SmartTrashSTM\MXTmpFiles\usb_otg_fs_HalInit.tmp_save
2019-12-13 12:23:22,812 [INFO] CodeEngine:208 - Generated code: C:\Users\60310203\STM32CubeIDE\SmartTrash\SmartTrashSTM\MXTmpFiles\usb_otg_fs_HalInit.tmp
2019-12-13 12:23:22,846 [INFO] CodeEngine:190 - oldGeneratedFile, C:\Users\60310203\STM32CubeIDE\SmartTrash\SmartTrashSTM\MXTmpFiles\usb_otg_fs_Msp.tmp_save
2019-12-13 12:23:22,946 [INFO] CodeEngine:208 - Generated code: C:\Users\60310203\STM32CubeIDE\SmartTrash\SmartTrashSTM\MXTmpFiles\usb_otg_fs_Msp.tmp
2019-12-13 12:23:23,916 [INFO] LogOutputStream:76 - [STDOUT_REDIRECT] Command line
2019-12-13 12:23:23,916 [INFO] LogOutputStream:76 - [STDOUT_REDIRECT] Debug : prepare data for I2C
2019-12-13 12:23:23,916 [INFO] LogOutputStream:76 - [STDOUT_REDIRECT] Command line test
2019-12-13 12:23:23,916 [INFO] LogOutputStream:76 - [STDOUT_REDIRECT] Command line
2019-12-13 12:23:23,916 [INFO] LogOutputStream:76 - [STDOUT_REDIRECT] Debug : prepare data for I2S
2019-12-13 12:23:23,916 [INFO] LogOutputStream:76 - [STDOUT_REDIRECT] Command line test
2019-12-13 12:23:23,931 [INFO] LogOutputStream:76 - [STDOUT_REDIRECT] Command line
2019-12-13 12:23:23,931 [INFO] LogOutputStream:76 - [STDOUT_REDIRECT] Debug : prepare data for SPI
2019-12-13 12:23:23,931 [INFO] LogOutputStream:76 - [STDOUT_REDIRECT] Command line test
2019-12-13 12:23:23,931 [INFO] LogOutputStream:76 - [STDOUT_REDIRECT] Command line
2019-12-13 12:23:23,931 [INFO] LogOutputStream:76 - [STDOUT_REDIRECT] Debug : prepare data for SYS
2019-12-13 12:23:23,931 [INFO] LogOutputStream:76 - [STDOUT_REDIRECT] Command line test
2019-12-13 12:23:23,931 [INFO] LogOutputStream:76 - [STDOUT_REDIRECT] Command line
2019-12-13 12:23:23,931 [INFO] LogOutputStream:76 - [STDOUT_REDIRECT] Debug : prepare data for USART
2019-12-13 12:23:23,931 [INFO] LogOutputStream:76 - [STDOUT_REDIRECT] Command line test
2019-12-13 12:23:23,931 [INFO] LogOutputStream:76 - [STDOUT_REDIRECT] Command line
2019-12-13 12:23:23,978 [INFO] CodeEngine:190 - oldGeneratedFile, C:\Users\60310203\STM32CubeIDE\SmartTrash\SmartTrashSTM\Src\usb_host.c_save
2019-12-13 12:23:24,072 [INFO] CodeEngine:208 - Generated code: C:\Users\60310203\STM32CubeIDE\SmartTrash\SmartTrashSTM\Src\usb_host.c
2019-12-13 12:23:24,087 [INFO] CodeEngine:190 - oldGeneratedFile, C:\Users\60310203\STM32CubeIDE\SmartTrash\SmartTrashSTM\Inc\usb_host.h_save
2019-12-13 12:23:24,150 [INFO] CodeEngine:208 - Generated code: C:\Users\60310203\STM32CubeIDE\SmartTrash\SmartTrashSTM\Inc\usb_host.h
2019-12-13 12:23:24,166 [INFO] CodeEngine:190 - oldGeneratedFile, C:\Users\60310203\STM32CubeIDE\SmartTrash\SmartTrashSTM\Inc\usbh_conf.h_save
2019-12-13 12:23:24,244 [INFO] CodeEngine:208 - Generated code: C:\Users\60310203\STM32CubeIDE\SmartTrash\SmartTrashSTM\Inc\usbh_conf.h
2019-12-13 12:23:24,275 [INFO] CodeEngine:190 - oldGeneratedFile, C:\Users\60310203\STM32CubeIDE\SmartTrash\SmartTrashSTM\Src\usbh_conf.c_save
2019-12-13 12:23:24,353 [INFO] CodeEngine:208 - Generated code: C:\Users\60310203\STM32CubeIDE\SmartTrash\SmartTrashSTM\Src\usbh_conf.c
2019-12-13 12:23:24,384 [INFO] CodeEngine:190 - oldGeneratedFile, C:\Users\60310203\STM32CubeIDE\SmartTrash\SmartTrashSTM\Src\usbh_platform.c_save
2019-12-13 12:23:24,462 [INFO] CodeEngine:208 - Generated code: C:\Users\60310203\STM32CubeIDE\SmartTrash\SmartTrashSTM\Src\usbh_platform.c
2019-12-13 12:23:24,478 [INFO] CodeEngine:190 - oldGeneratedFile, C:\Users\60310203\STM32CubeIDE\SmartTrash\SmartTrashSTM\Inc\usbh_platform.h_save
2019-12-13 12:23:24,541 [INFO] CodeEngine:208 - Generated code: C:\Users\60310203\STM32CubeIDE\SmartTrash\SmartTrashSTM\Inc\usbh_platform.h
2019-12-13 12:23:24,541 [INFO] LogOutputStream:76 - [STDOUT_REDIRECT] Debug : prepare data for NVIC
2019-12-13 12:23:24,541 [INFO] LogOutputStream:76 - [STDOUT_REDIRECT] Command line test
2019-12-13 12:23:24,587 [INFO] CodeEngine:190 - oldGeneratedFile, C:\Users\60310203\STM32CubeIDE\SmartTrash\SmartTrashSTM\Src\stm32f4xx_it.c_save
2019-12-13 12:23:24,697 [INFO] CodeEngine:208 - Generated code: C:\Users\60310203\STM32CubeIDE\SmartTrash\SmartTrashSTM\Src\stm32f4xx_it.c
2019-12-13 12:23:24,728 [INFO] CodeEngine:190 - oldGeneratedFile, C:\Users\60310203\STM32CubeIDE\SmartTrash\SmartTrashSTM\Inc\stm32f4xx_it.h_save
2019-12-13 12:23:24,822 [INFO] CodeEngine:208 - Generated code: C:\Users\60310203\STM32CubeIDE\SmartTrash\SmartTrashSTM\Inc\stm32f4xx_it.h
2019-12-13 12:23:24,862 [INFO] CodeEngine:190 - oldGeneratedFile, C:\Users\60310203\STM32CubeIDE\SmartTrash\SmartTrashSTM\Src\stm32f4xx_hal_msp.c_save
2019-12-13 12:23:25,008 [INFO] CodeEngine:208 - Generated code: C:\Users\60310203\STM32CubeIDE\SmartTrash\SmartTrashSTM\Src\stm32f4xx_hal_msp.c
2019-12-13 12:23:25,025 [INFO] CodeEngine:190 - oldGeneratedFile, C:\Users\60310203\STM32CubeIDE\SmartTrash\SmartTrashSTM\MXTmpFiles\system.tmp_save
2019-12-13 12:23:25,068 [INFO] CodeEngine:208 - Generated code: C:\Users\60310203\STM32CubeIDE\SmartTrash\SmartTrashSTM\MXTmpFiles\system.tmp
2019-12-13 12:23:25,097 [INFO] CodeEngine:190 - oldGeneratedFile, C:\Users\60310203\STM32CubeIDE\SmartTrash\SmartTrashSTM\Inc\stm32f4xx_hal_conf.h_save
2019-12-13 12:23:25,210 [INFO] CodeEngine:208 - Generated code: C:\Users\60310203\STM32CubeIDE\SmartTrash\SmartTrashSTM\Inc\stm32f4xx_hal_conf.h
2019-12-13 12:23:25,223 [WARN] IPConfigManager:2562 - IP not found : gpio
2019-12-13 12:23:25,223 [WARN] CodeGenerator:2617 - IP not found : gpio
2019-12-13 12:23:25,253 [INFO] CodeEngine:190 - oldGeneratedFile, C:\Users\60310203\STM32CubeIDE\SmartTrash\SmartTrashSTM\Inc\main.h_save
2019-12-13 12:23:25,319 [INFO] CodeEngine:208 - Generated code: C:\Users\60310203\STM32CubeIDE\SmartTrash\SmartTrashSTM\Inc\main.h
2019-12-13 12:23:25,349 [INFO] CodeEngine:190 - oldGeneratedFile, C:\Users\60310203\STM32CubeIDE\SmartTrash\SmartTrashSTM\Src\main.c_save
2019-12-13 12:23:25,486 [INFO] CodeEngine:208 - Generated code: C:\Users\60310203\STM32CubeIDE\SmartTrash\SmartTrashSTM\Src\main.c
2019-12-13 12:23:26,100 [INFO] ProjectBuilder:1570 - Time for Copy HAL[1] : 286mS.
2019-12-13 12:23:26,103 [INFO] ProjectBuilder:2138 - Project Generator version: 3.4.0
2019-12-13 12:23:26,372 [INFO] ConfigFileManager:879 - The Die is : DIE413
2019-12-13 12:23:26,375 [INFO] LogOutputStream:76 - [STDOUT_REDIRECT] configName ==Arm Cortex-M4
2019-12-13 12:23:26,457 [INFO] LogOutputStream:76 - [STDOUT_REDIRECT] memory ==name="RAM" access="xrw" start="0x20000000" size="128"
2019-12-13 12:23:26,458 [INFO] LogOutputStream:76 - [STDOUT_REDIRECT] memory ==name="CCMRAM" access="rw" start="0x10000000" size="64"
2019-12-13 12:23:26,459 [INFO] LogOutputStream:76 - [STDOUT_REDIRECT] memory ==name="FLASH" access="rx" start="0x8000000" size="1024"
2019-12-13 12:23:26,573 [INFO] LogOutputStream:76 - [STDOUT_REDIRECT] namefile= STM32CubeIDE
2019-12-13 12:23:26,575 [INFO] LogOutputStream:76 - [STDOUT_REDIRECT] method name===============update
2019-12-13 12:23:28,361 [INFO] ProjectBuilder:2232 - Time for Generating toolchain IDE Files: 2258mS.
2019-12-13 12:23:28,362 [INFO] ProjectBuilder:1461 - Time for Copy CMSIS : 1mS.
2019-12-13 12:23:28,368 [INFO] ProjectBuilder:1461 - Time for Copy CMSIS : 0mS.
2019-12-13 13:27:09,425 [INFO] BlockDiagram:1818 - stop enableDisableButtons
2019-12-13 13:27:09,494 [WARN] IP:1918 - I2C_Coeff_DF not found: check if there is a RefParameter without a condition.
2019-12-13 13:27:09,494 [WARN] IP:1918 - Analog_Filter not found: check if there is a RefParameter without a condition.
2019-12-13 13:27:09,503 [WARN] IP:1918 - I2C_Coeff_DF not found: check if there is a RefParameter without a condition.
2019-12-13 13:27:09,503 [WARN] IP:1918 - Analog_Filter not found: check if there is a RefParameter without a condition.
2019-12-13 13:27:11,360 [INFO] BlockDiagram:1818 - stop enableDisableButtons
2019-12-13 13:53:14,419 [INFO] BlockDiagram:1818 - stop enableDisableButtons
2019-12-13 13:53:18,415 [INFO] BlockDiagram:1818 - stop enableDisableButtons
2019-12-13 13:53:18,630 [INFO] BlockDiagram:1818 - stop enableDisableButtons
2019-12-13 14:31:05,446 [INFO] BlockDiagram:1818 - stop enableDisableButtons
2019-12-13 14:31:07,961 [INFO] BlockDiagram:1818 - stop enableDisableButtons
2019-12-13 14:31:09,664 [INFO] BlockDiagram:1818 - stop enableDisableButtons
2019-12-13 14:31:10,998 [INFO] BlockDiagram:1818 - stop enableDisableButtons
2019-12-13 14:31:12,196 [INFO] BlockDiagram:1818 - stop enableDisableButtons
2019-12-13 14:31:13,383 [INFO] BlockDiagram:1818 - stop enableDisableButtons
2019-12-13 14:31:14,353 [INFO] BlockDiagram:1818 - stop enableDisableButtons
2019-12-13 14:31:15,937 [INFO] BlockDiagram:1818 - stop enableDisableButtons
2019-12-13 14:31:17,604 [INFO] BlockDiagram:1818 - stop enableDisableButtons
2019-12-13 14:31:21,997 [INFO] DbMcusDocs:126 - JSON generation date=Wed Dec 11 18:27:49 ICT 2019 (1576063669)
2019-12-13 14:31:22,121 [INFO] DbMcusDocs:61 - Found 537 MCUs documents
2019-12-13 14:31:23,022 [INFO] BlockDiagram:1818 - stop enableDisableButtons
2019-12-13 14:34:46,812 [INFO] BlockDiagram:1818 - stop enableDisableButtons
2019-12-13 14:34:47,029 [INFO] BlockDiagram:1818 - stop enableDisableButtons
2019-12-13 14:34:51,765 [INFO] LogOutputStream:76 - [STDOUT_REDIRECT] method name===============isUnderRootDefaultMode
2019-12-13 14:34:51,766 [INFO] LogOutputStream:76 - [STDOUT_REDIRECT] method name===============isUnderRootDefaultMode
2019-12-13 14:34:51,767 [INFO] LogOutputStream:76 - [STDOUT_REDIRECT] method name===============isUnderRootDefaultMode
2019-12-13 14:34:51,768 [INFO] LogOutputStream:76 - [STDOUT_REDIRECT] method name===============isRootSelectionSupported
2019-12-13 14:34:51,769 [INFO] LogOutputStream:76 - [STDOUT_REDIRECT] method name===============isRootSelectionSupported
2019-12-13 14:34:51,770 [INFO] LogOutputStream:76 - [STDOUT_REDIRECT] method name===============isUnderRootDefaultMode
2019-12-13 14:34:52,154 [INFO] BlockDiagram:1818 - stop enableDisableButtons
2019-12-13 14:34:52,194 [INFO] BlockDiagram:1818 - stop enableDisableButtons
2019-12-13 14:35:05,131 [ERROR] LogOutputStream:74 - [STDERR_REDIRECT] Exception in thread "AWT-EventQueue-0" java.awt.IllegalComponentStateException: component must be showing on the screen to determine its location
2019-12-13 14:35:05,132 [ERROR] LogOutputStream:74 - [STDERR_REDIRECT] 	at java.awt.Component.getLocationOnScreen_NoTreeLock(Component.java:2062)
2019-12-13 14:35:05,133 [ERROR] LogOutputStream:74 - [STDERR_REDIRECT] 	at java.awt.Component.getLocationOnScreen(Component.java:2036)
2019-12-13 14:35:05,133 [ERROR] LogOutputStream:74 - [STDERR_REDIRECT] 	at javax.swing.JPopupMenu.show(JPopupMenu.java:948)
2019-12-13 14:35:05,135 [ERROR] LogOutputStream:74 - [STDERR_REDIRECT] 	at javax.swing.plaf.basic.BasicComboPopup.show(BasicComboPopup.java:211)
2019-12-13 14:35:05,136 [ERROR] LogOutputStream:74 - [STDERR_REDIRECT] 	at javax.swing.plaf.basic.BasicComboPopup.togglePopup(BasicComboPopup.java:1170)
2019-12-13 14:35:05,137 [ERROR] LogOutputStream:74 - [STDERR_REDIRECT] 	at javax.swing.plaf.basic.BasicComboPopup$Handler.mousePressed(BasicComboPopup.java:858)
2019-12-13 14:35:05,138 [ERROR] LogOutputStream:74 - [STDERR_REDIRECT] 	at java.awt.Component.processMouseEvent(Component.java:6536)
2019-12-13 14:35:05,139 [ERROR] LogOutputStream:74 - [STDERR_REDIRECT] 	at javax.swing.JComponent.processMouseEvent(JComponent.java:3324)
2019-12-13 14:35:05,140 [ERROR] LogOutputStream:74 - [STDERR_REDIRECT] 	at java.awt.Component.processEvent(Component.java:6304)
2019-12-13 14:35:05,141 [ERROR] LogOutputStream:74 - [STDERR_REDIRECT] 	at java.awt.Container.processEvent(Container.java:2239)
2019-12-13 14:35:05,142 [ERROR] LogOutputStream:74 - [STDERR_REDIRECT] 	at java.awt.Component.dispatchEventImpl(Component.java:4889)
2019-12-13 14:35:05,143 [ERROR] LogOutputStream:74 - [STDERR_REDIRECT] 	at java.awt.Container.dispatchEventImpl(Container.java:2297)
2019-12-13 14:35:05,144 [ERROR] LogOutputStream:74 - [STDERR_REDIRECT] 	at java.awt.Component.dispatchEvent(Component.java:4711)
2019-12-13 14:35:05,145 [ERROR] LogOutputStream:74 - [STDERR_REDIRECT] 	at javax.swing.plaf.basic.BasicTableUI$Handler.repostEvent(BasicTableUI.java:948)
2019-12-13 14:35:05,147 [ERROR] LogOutputStream:74 - [STDERR_REDIRECT] 	at javax.swing.plaf.basic.BasicTableUI$Handler.adjustSelection(BasicTableUI.java:1110)
2019-12-13 14:35:05,148 [ERROR] LogOutputStream:74 - [STDERR_REDIRECT] 	at javax.swing.plaf.basic.BasicTableUI$Handler.mousePressed(BasicTableUI.java:1038)
2019-12-13 14:35:05,149 [ERROR] LogOutputStream:74 - [STDERR_REDIRECT] 	at java.awt.AWTEventMulticaster.mousePressed(AWTEventMulticaster.java:280)
2019-12-13 14:35:05,150 [ERROR] LogOutputStream:74 - [STDERR_REDIRECT] 	at java.awt.AWTEventMulticaster.mousePressed(AWTEventMulticaster.java:279)
2019-12-13 14:35:05,151 [ERROR] LogOutputStream:74 - [STDERR_REDIRECT] 	at java.awt.AWTEventMulticaster.mousePressed(AWTEventMulticaster.java:279)
2019-12-13 14:35:05,152 [ERROR] LogOutputStream:74 - [STDERR_REDIRECT] 	at java.awt.AWTEventMulticaster.mousePressed(AWTEventMulticaster.java:279)
2019-12-13 14:35:05,153 [ERROR] LogOutputStream:74 - [STDERR_REDIRECT] 	at java.awt.Component.processMouseEvent(Component.java:6536)
2019-12-13 14:35:05,154 [ERROR] LogOutputStream:74 - [STDERR_REDIRECT] 	at javax.swing.JComponent.processMouseEvent(JComponent.java:3324)
2019-12-13 14:35:05,155 [ERROR] LogOutputStream:74 - [STDERR_REDIRECT] 	at java.awt.Component.processEvent(Component.java:6304)
2019-12-13 14:35:05,156 [ERROR] LogOutputStream:74 - [STDERR_REDIRECT] 	at java.awt.Container.processEvent(Container.java:2239)
2019-12-13 14:35:05,157 [ERROR] LogOutputStream:74 - [STDERR_REDIRECT] 	at java.awt.Component.dispatchEventImpl(Component.java:4889)
2019-12-13 14:35:05,158 [ERROR] LogOutputStream:74 - [STDERR_REDIRECT] 	at java.awt.Container.dispatchEventImpl(Container.java:2297)
2019-12-13 14:35:05,159 [ERROR] LogOutputStream:74 - [STDERR_REDIRECT] 	at java.awt.Component.dispatchEvent(Component.java:4711)
2019-12-13 14:35:05,160 [ERROR] LogOutputStream:74 - [STDERR_REDIRECT] 	at java.awt.LightweightDispatcher.retargetMouseEvent(Container.java:4904)
2019-12-13 14:35:05,186 [ERROR] LogOutputStream:74 - [STDERR_REDIRECT] 	at java.awt.LightweightDispatcher.processMouseEvent(Container.java:4532)
2019-12-13 14:35:05,188 [ERROR] LogOutputStream:74 - [STDERR_REDIRECT] 	at java.awt.LightweightDispatcher.dispatchEvent(Container.java:4476)
2019-12-13 14:35:05,190 [ERROR] LogOutputStream:74 - [STDERR_REDIRECT] 	at java.awt.Container.dispatchEventImpl(Container.java:2283)
2019-12-13 14:35:05,191 [ERROR] LogOutputStream:74 - [STDERR_REDIRECT] 	at java.awt.Component.dispatchEvent(Component.java:4711)
2019-12-13 14:35:05,192 [ERROR] LogOutputStream:74 - [STDERR_REDIRECT] 	at java.awt.EventQueue.dispatchEventImpl(EventQueue.java:760)
2019-12-13 14:35:05,192 [ERROR] LogOutputStream:74 - [STDERR_REDIRECT] 	at java.awt.EventQueue.access$500(EventQueue.java:97)
2019-12-13 14:35:05,193 [ERROR] LogOutputStream:74 - [STDERR_REDIRECT] 	at java.awt.EventQueue$3.run(EventQueue.java:709)
2019-12-13 14:35:05,194 [ERROR] LogOutputStream:74 - [STDERR_REDIRECT] 	at java.awt.EventQueue$3.run(EventQueue.java:703)
2019-12-13 14:35:05,195 [ERROR] LogOutputStream:74 - [STDERR_REDIRECT] 	at java.security.AccessController.doPrivileged(Native Method)
2019-12-13 14:35:05,196 [ERROR] LogOutputStream:74 - [STDERR_REDIRECT] 	at java.security.ProtectionDomain$JavaSecurityAccessImpl.doIntersectionPrivilege(ProtectionDomain.java:74)
2019-12-13 14:35:05,197 [ERROR] LogOutputStream:74 - [STDERR_REDIRECT] 	at java.security.ProtectionDomain$JavaSecurityAccessImpl.doIntersectionPrivilege(ProtectionDomain.java:84)
2019-12-13 14:35:05,198 [ERROR] LogOutputStream:74 - [STDERR_REDIRECT] 	at java.awt.EventQueue$4.run(EventQueue.java:733)
2019-12-13 14:35:05,199 [ERROR] LogOutputStream:74 - [STDERR_REDIRECT] 	at java.awt.EventQueue$4.run(EventQueue.java:731)
2019-12-13 14:35:05,200 [ERROR] LogOutputStream:74 - [STDERR_REDIRECT] 	at java.security.AccessController.doPrivileged(Native Method)
2019-12-13 14:35:05,201 [ERROR] LogOutputStream:74 - [STDERR_REDIRECT] 	at java.security.ProtectionDomain$JavaSecurityAccessImpl.doIntersectionPrivilege(ProtectionDomain.java:74)
2019-12-13 14:35:05,202 [ERROR] LogOutputStream:74 - [STDERR_REDIRECT] 	at java.awt.EventQueue.dispatchEvent(EventQueue.java:730)
2019-12-13 14:35:05,203 [ERROR] LogOutputStream:74 - [STDERR_REDIRECT] 	at java.awt.EventDispatchThread.pumpOneEventForFilters(EventDispatchThread.java:205)
2019-12-13 14:35:05,204 [ERROR] LogOutputStream:74 - [STDERR_REDIRECT] 	at java.awt.EventDispatchThread.pumpEventsForFilter(EventDispatchThread.java:116)
2019-12-13 14:35:05,205 [ERROR] LogOutputStream:74 - [STDERR_REDIRECT] 	at java.awt.EventDispatchThread.pumpEventsForHierarchy(EventDispatchThread.java:105)
2019-12-13 14:35:05,206 [ERROR] LogOutputStream:74 - [STDERR_REDIRECT] 	at java.awt.EventDispatchThread.pumpEvents(EventDispatchThread.java:101)
2019-12-13 14:35:05,207 [ERROR] LogOutputStream:74 - [STDERR_REDIRECT] 	at java.awt.EventDispatchThread.pumpEvents(EventDispatchThread.java:93)
2019-12-13 14:35:05,208 [ERROR] LogOutputStream:74 - [STDERR_REDIRECT] 	at java.awt.EventDispatchThread.run(EventDispatchThread.java:82)
2019-12-13 14:40:56,334 [INFO] UtilMem:74 - End SaveConfig() Used Memory: 779064568 Bytes (1073741824)
2019-12-13 14:40:56,336 [INFO] LogOutputStream:76 - [STDOUT_REDIRECT] method name===============isUnderRootDefaultMode
2019-12-13 14:40:56,337 [INFO] LogOutputStream:76 - [STDOUT_REDIRECT] method name===============isUnderRootDefaultMode
2019-12-13 14:40:56,338 [INFO] LogOutputStream:76 - [STDOUT_REDIRECT] method name===============isUnderRootDefaultMode
2019-12-13 14:40:56,339 [INFO] LogOutputStream:76 - [STDOUT_REDIRECT] method name===============isRootSelectionSupported
2019-12-13 14:40:56,340 [INFO] LogOutputStream:76 - [STDOUT_REDIRECT] method name===============isRootSelectionSupported
2019-12-13 14:40:56,341 [INFO] LogOutputStream:76 - [STDOUT_REDIRECT] method name===============isUnderRootDefaultMode
2019-12-13 14:40:58,708 [INFO] UtilMem:74 - End SaveConfig() Used Memory: 794793208 Bytes (1073741824)
2019-12-13 14:40:58,712 [INFO] LogOutputStream:76 - [STDOUT_REDIRECT] method name===============isUnderRootDefaultMode
2019-12-13 14:40:58,714 [INFO] LogOutputStream:76 - [STDOUT_REDIRECT] method name===============isUnderRootDefaultMode
2019-12-13 14:40:58,715 [INFO] LogOutputStream:76 - [STDOUT_REDIRECT] method name===============isUnderRootDefaultMode
2019-12-13 14:40:58,717 [INFO] LogOutputStream:76 - [STDOUT_REDIRECT] method name===============isRootSelectionSupported
2019-12-13 14:40:58,718 [INFO] LogOutputStream:76 - [STDOUT_REDIRECT] method name===============isRootSelectionSupported
2019-12-13 14:40:58,719 [INFO] LogOutputStream:76 - [STDOUT_REDIRECT] method name===============isUnderRootDefaultMode
2019-12-13 14:40:58,851 [INFO] BlockDiagram:1862 - set Specific Code input for plugin: SPI
2019-12-13 14:40:58,851 [INFO] BlockDiagram:1862 - set Specific Code input for plugin: TIM1_8
2019-12-13 14:40:58,851 [INFO] BlockDiagram:1862 - set Specific Code input for plugin: I2S
2019-12-13 14:40:58,852 [INFO] BlockDiagram:1862 - set Specific Code input for plugin: SYS
2019-12-13 14:40:58,852 [INFO] BlockDiagram:1862 - set Specific Code input for plugin: RCC
2019-12-13 14:40:58,852 [INFO] BlockDiagram:1862 - set Specific Code input for plugin: I2C
2019-12-13 14:40:58,852 [INFO] BlockDiagram:1862 - set Specific Code input for plugin: USB_OTG_FS
2019-12-13 14:40:58,852 [INFO] BlockDiagram:1862 - set Specific Code input for plugin: NVIC
2019-12-13 14:40:58,852 [INFO] BlockDiagram:1862 - set Specific Code input for plugin: USB_HOST
2019-12-13 14:40:58,852 [INFO] BlockDiagram:1862 - set Specific Code input for plugin: USART
2019-12-13 14:40:58,853 [INFO] CodeGenerator:583 - code generatio: config db path: C:\ST\STM32CubeIDE_1.0.2\STM32CubeIDE\plugins\com.st.stm32cube.common.mx_5.3.0.201907110903\\db\
2019-12-13 14:40:58,857 [WARN] IP:1918 - I2C_Coeff_DF not found: check if there is a RefParameter without a condition.
2019-12-13 14:40:58,857 [WARN] IP:1918 - Analog_Filter not found: check if there is a RefParameter without a condition.
2019-12-13 14:40:59,034 [INFO] CodeEngine:190 - oldGeneratedFile, C:\Users\60310203\STM32CubeIDE\SmartTrash\SmartTrashSTM\MXTmpFiles\license.tmp_save
2019-12-13 14:40:59,088 [INFO] CodeEngine:208 - Generated code: C:\Users\60310203\STM32CubeIDE\SmartTrash\SmartTrashSTM\MXTmpFiles\license.tmp
2019-12-13 14:40:59,145 [INFO] CodeEngine:190 - oldGeneratedFile, C:\Users\60310203\STM32CubeIDE\SmartTrash\SmartTrashSTM\MXTmpFiles\gpio.tmp_save
2019-12-13 14:40:59,264 [INFO] CodeEngine:208 - Generated code: C:\Users\60310203\STM32CubeIDE\SmartTrash\SmartTrashSTM\MXTmpFiles\gpio.tmp
2019-12-13 14:40:59,267 [INFO] LogOutputStream:76 - [STDOUT_REDIRECT] Command line test
2019-12-13 14:40:59,316 [INFO] CodeEngine:190 - oldGeneratedFile, C:\Users\60310203\STM32CubeIDE\SmartTrash\SmartTrashSTM\MXTmpFiles\usb_otg_fs_vars.tmp_save
2019-12-13 14:40:59,368 [INFO] CodeEngine:208 - Generated code: C:\Users\60310203\STM32CubeIDE\SmartTrash\SmartTrashSTM\MXTmpFiles\usb_otg_fs_vars.tmp
2019-12-13 14:40:59,392 [INFO] CodeEngine:190 - oldGeneratedFile, C:\Users\60310203\STM32CubeIDE\SmartTrash\SmartTrashSTM\MXTmpFiles\usb_otg_fs_inc.tmp_save
2019-12-13 14:40:59,443 [INFO] CodeEngine:208 - Generated code: C:\Users\60310203\STM32CubeIDE\SmartTrash\SmartTrashSTM\MXTmpFiles\usb_otg_fs_inc.tmp
2019-12-13 14:40:59,485 [INFO] CodeEngine:190 - oldGeneratedFile, C:\Users\60310203\STM32CubeIDE\SmartTrash\SmartTrashSTM\MXTmpFiles\usb_otg_fs_HalInit.tmp_save
2019-12-13 14:40:59,547 [INFO] CodeEngine:208 - Generated code: C:\Users\60310203\STM32CubeIDE\SmartTrash\SmartTrashSTM\MXTmpFiles\usb_otg_fs_HalInit.tmp
2019-12-13 14:40:59,574 [INFO] CodeEngine:190 - oldGeneratedFile, C:\Users\60310203\STM32CubeIDE\SmartTrash\SmartTrashSTM\MXTmpFiles\usb_otg_fs_Msp.tmp_save
2019-12-13 14:40:59,743 [INFO] CodeEngine:208 - Generated code: C:\Users\60310203\STM32CubeIDE\SmartTrash\SmartTrashSTM\MXTmpFiles\usb_otg_fs_Msp.tmp
2019-12-13 14:41:00,226 [INFO] LogOutputStream:76 - [STDOUT_REDIRECT] Command line
2019-12-13 14:41:00,227 [INFO] LogOutputStream:76 - [STDOUT_REDIRECT] Debug : prepare data for I2C
2019-12-13 14:41:00,228 [INFO] LogOutputStream:76 - [STDOUT_REDIRECT] Command line test
2019-12-13 14:41:00,229 [INFO] LogOutputStream:76 - [STDOUT_REDIRECT] Command line
2019-12-13 14:41:00,231 [INFO] LogOutputStream:76 - [STDOUT_REDIRECT] Debug : prepare data for I2S
2019-12-13 14:41:00,231 [INFO] LogOutputStream:76 - [STDOUT_REDIRECT] Command line test
2019-12-13 14:41:00,233 [INFO] LogOutputStream:76 - [STDOUT_REDIRECT] Command line
2019-12-13 14:41:00,234 [INFO] LogOutputStream:76 - [STDOUT_REDIRECT] Debug : prepare data for SPI
2019-12-13 14:41:00,235 [INFO] LogOutputStream:76 - [STDOUT_REDIRECT] Command line test
2019-12-13 14:41:00,236 [INFO] LogOutputStream:76 - [STDOUT_REDIRECT] Command line
2019-12-13 14:41:00,237 [INFO] LogOutputStream:76 - [STDOUT_REDIRECT] Debug : prepare data for SYS
2019-12-13 14:41:00,238 [INFO] LogOutputStream:76 - [STDOUT_REDIRECT] Command line test
2019-12-13 14:41:00,239 [INFO] LogOutputStream:76 - [STDOUT_REDIRECT] Command line
2019-12-13 14:41:00,240 [INFO] LogOutputStream:76 - [STDOUT_REDIRECT] Debug : prepare data for TIM
2019-12-13 14:41:00,241 [INFO] LogOutputStream:76 - [STDOUT_REDIRECT] Command line test
2019-12-13 14:41:00,242 [INFO] LogOutputStream:76 - [STDOUT_REDIRECT] Command line
2019-12-13 14:41:00,243 [INFO] LogOutputStream:76 - [STDOUT_REDIRECT] Debug : prepare data for USART
2019-12-13 14:41:00,243 [INFO] LogOutputStream:76 - [STDOUT_REDIRECT] Command line test
2019-12-13 14:41:00,245 [INFO] LogOutputStream:76 - [STDOUT_REDIRECT] Command line
2019-12-13 14:41:00,284 [INFO] CodeEngine:190 - oldGeneratedFile, C:\Users\60310203\STM32CubeIDE\SmartTrash\SmartTrashSTM\Src\usb_host.c_save
2019-12-13 14:41:00,371 [INFO] CodeEngine:208 - Generated code: C:\Users\60310203\STM32CubeIDE\SmartTrash\SmartTrashSTM\Src\usb_host.c
2019-12-13 14:41:00,399 [INFO] CodeEngine:190 - oldGeneratedFile, C:\Users\60310203\STM32CubeIDE\SmartTrash\SmartTrashSTM\Inc\usb_host.h_save
2019-12-13 14:41:00,469 [INFO] CodeEngine:208 - Generated code: C:\Users\60310203\STM32CubeIDE\SmartTrash\SmartTrashSTM\Inc\usb_host.h
2019-12-13 14:41:00,492 [INFO] CodeEngine:190 - oldGeneratedFile, C:\Users\60310203\STM32CubeIDE\SmartTrash\SmartTrashSTM\Inc\usbh_conf.h_save
2019-12-13 14:41:00,560 [INFO] CodeEngine:208 - Generated code: C:\Users\60310203\STM32CubeIDE\SmartTrash\SmartTrashSTM\Inc\usbh_conf.h
2019-12-13 14:41:00,592 [INFO] CodeEngine:190 - oldGeneratedFile, C:\Users\60310203\STM32CubeIDE\SmartTrash\SmartTrashSTM\Src\usbh_conf.c_save
2019-12-13 14:41:00,675 [INFO] CodeEngine:208 - Generated code: C:\Users\60310203\STM32CubeIDE\SmartTrash\SmartTrashSTM\Src\usbh_conf.c
2019-12-13 14:41:00,694 [INFO] CodeEngine:190 - oldGeneratedFile, C:\Users\60310203\STM32CubeIDE\SmartTrash\SmartTrashSTM\Src\usbh_platform.c_save
2019-12-13 14:41:00,756 [INFO] CodeEngine:208 - Generated code: C:\Users\60310203\STM32CubeIDE\SmartTrash\SmartTrashSTM\Src\usbh_platform.c
2019-12-13 14:41:00,776 [INFO] CodeEngine:190 - oldGeneratedFile, C:\Users\60310203\STM32CubeIDE\SmartTrash\SmartTrashSTM\Inc\usbh_platform.h_save
2019-12-13 14:41:00,837 [INFO] CodeEngine:208 - Generated code: C:\Users\60310203\STM32CubeIDE\SmartTrash\SmartTrashSTM\Inc\usbh_platform.h
2019-12-13 14:41:00,839 [INFO] LogOutputStream:76 - [STDOUT_REDIRECT] Debug : prepare data for NVIC
2019-12-13 14:41:00,840 [INFO] LogOutputStream:76 - [STDOUT_REDIRECT] Command line test
2019-12-13 14:41:00,872 [INFO] CodeEngine:190 - oldGeneratedFile, C:\Users\60310203\STM32CubeIDE\SmartTrash\SmartTrashSTM\Src\stm32f4xx_it.c_save
2019-12-13 14:41:00,951 [INFO] CodeEngine:208 - Generated code: C:\Users\60310203\STM32CubeIDE\SmartTrash\SmartTrashSTM\Src\stm32f4xx_it.c
2019-12-13 14:41:00,970 [INFO] CodeEngine:190 - oldGeneratedFile, C:\Users\60310203\STM32CubeIDE\SmartTrash\SmartTrashSTM\Inc\stm32f4xx_it.h_save
2019-12-13 14:41:01,027 [INFO] CodeEngine:208 - Generated code: C:\Users\60310203\STM32CubeIDE\SmartTrash\SmartTrashSTM\Inc\stm32f4xx_it.h
2019-12-13 14:41:01,062 [INFO] CodeEngine:190 - oldGeneratedFile, C:\Users\60310203\STM32CubeIDE\SmartTrash\SmartTrashSTM\Src\stm32f4xx_hal_msp.c_save
2019-12-13 14:41:01,195 [INFO] CodeEngine:208 - Generated code: C:\Users\60310203\STM32CubeIDE\SmartTrash\SmartTrashSTM\Src\stm32f4xx_hal_msp.c
2019-12-13 14:41:01,220 [INFO] CodeEngine:190 - oldGeneratedFile, C:\Users\60310203\STM32CubeIDE\SmartTrash\SmartTrashSTM\MXTmpFiles\system.tmp_save
2019-12-13 14:41:01,276 [INFO] CodeEngine:208 - Generated code: C:\Users\60310203\STM32CubeIDE\SmartTrash\SmartTrashSTM\MXTmpFiles\system.tmp
2019-12-13 14:41:01,310 [INFO] CodeEngine:190 - oldGeneratedFile, C:\Users\60310203\STM32CubeIDE\SmartTrash\SmartTrashSTM\Inc\stm32f4xx_hal_conf.h_save
2019-12-13 14:41:01,405 [INFO] CodeEngine:208 - Generated code: C:\Users\60310203\STM32CubeIDE\SmartTrash\SmartTrashSTM\Inc\stm32f4xx_hal_conf.h
2019-12-13 14:41:01,421 [WARN] IPConfigManager:2562 - IP not found : TIM
2019-12-13 14:41:01,421 [WARN] IPConfigManager:2562 - IP not found : gpio
2019-12-13 14:41:01,421 [WARN] CodeGenerator:2617 - IP not found : TIM
2019-12-13 14:41:01,422 [WARN] CodeGenerator:2617 - IP not found : gpio
2019-12-13 14:41:01,453 [INFO] CodeEngine:190 - oldGeneratedFile, C:\Users\60310203\STM32CubeIDE\SmartTrash\SmartTrashSTM\Inc\main.h_save
2019-12-13 14:41:01,518 [INFO] CodeEngine:208 - Generated code: C:\Users\60310203\STM32CubeIDE\SmartTrash\SmartTrashSTM\Inc\main.h
2019-12-13 14:41:01,552 [INFO] CodeEngine:190 - oldGeneratedFile, C:\Users\60310203\STM32CubeIDE\SmartTrash\SmartTrashSTM\Src\main.c_save
2019-12-13 14:41:01,902 [INFO] CodeEngine:208 - Generated code: C:\Users\60310203\STM32CubeIDE\SmartTrash\SmartTrashSTM\Src\main.c
2019-12-13 14:41:03,141 [INFO] ProjectBuilder:1570 - Time for Copy HAL[1] : 785mS.
2019-12-13 14:41:03,143 [INFO] ProjectBuilder:2138 - Project Generator version: 3.4.0
2019-12-13 14:41:03,319 [INFO] ConfigFileManager:879 - The Die is : DIE413
2019-12-13 14:41:03,322 [INFO] LogOutputStream:76 - [STDOUT_REDIRECT] configName ==Arm Cortex-M4
2019-12-13 14:41:03,400 [INFO] LogOutputStream:76 - [STDOUT_REDIRECT] memory ==name="RAM" access="xrw" start="0x20000000" size="128"
2019-12-13 14:41:03,401 [INFO] LogOutputStream:76 - [STDOUT_REDIRECT] memory ==name="CCMRAM" access="rw" start="0x10000000" size="64"
2019-12-13 14:41:03,402 [INFO] LogOutputStream:76 - [STDOUT_REDIRECT] memory ==name="FLASH" access="rx" start="0x8000000" size="1024"
2019-12-13 14:41:03,514 [INFO] LogOutputStream:76 - [STDOUT_REDIRECT] namefile= STM32CubeIDE
2019-12-13 14:41:03,515 [INFO] LogOutputStream:76 - [STDOUT_REDIRECT] method name===============update
2019-12-13 14:41:04,077 [INFO] ProjectBuilder:2232 - Time for Generating toolchain IDE Files: 934mS.
2019-12-13 14:41:04,077 [INFO] ProjectBuilder:1461 - Time for Copy CMSIS : 0mS.
2019-12-13 14:41:04,084 [INFO] ProjectBuilder:1461 - Time for Copy CMSIS : 0mS.
2019-12-13 14:47:57,585 [INFO] BlockDiagram:1818 - stop enableDisableButtons
2019-12-13 14:48:26,629 [INFO] Activator:176 - 


2019-12-13 14:48:26,644 [INFO] Activator:177 - !SESSION log4j initialized
